{"C:\\Users\\mahmo\\OneDrive\\Desktop\\ReactProjects\\BlogApp\\BlogApp.React\\src\\App.css": {"path":"C:\\Users\\mahmo\\OneDrive\\Desktop\\ReactProjects\\BlogApp\\BlogApp.React\\src\\App.css","statementMap":{},"fnMap":{},"branchMap":{},"s":{},"f":{},"b":{},"meta":{"lastBranch":0,"lastFunction":0,"lastStatement":0,"seen":{}}}
,"C:\\Users\\mahmo\\OneDrive\\Desktop\\ReactProjects\\BlogApp\\BlogApp.React\\src\\App.tsx": {"path":"C:\\Users\\mahmo\\OneDrive\\Desktop\\ReactProjects\\BlogApp\\BlogApp.React\\src\\App.tsx","statementMap":{"0":{"start":{"line":11,"column":6},"end":{"line":11,"column":null}},"1":{"start":{"line":11,"column":30},"end":{"line":11,"column":null}},"2":{"start":{"line":12,"column":6},"end":{"line":12,"column":null}},"3":{"start":{"line":12,"column":24},"end":{"line":12,"column":null}},"4":{"start":{"line":13,"column":6},"end":{"line":13,"column":null}},"5":{"start":{"line":13,"column":25},"end":{"line":13,"column":null}},"6":{"start":{"line":14,"column":6},"end":{"line":14,"column":null}},"7":{"start":{"line":14,"column":28},"end":{"line":14,"column":null}},"8":{"start":{"line":15,"column":6},"end":{"line":15,"column":null}},"9":{"start":{"line":15,"column":27},"end":{"line":15,"column":null}},"10":{"start":{"line":16,"column":6},"end":{"line":16,"column":null}},"11":{"start":{"line":16,"column":34},"end":{"line":16,"column":null}},"12":{"start":{"line":17,"column":6},"end":{"line":17,"column":null}},"13":{"start":{"line":17,"column":31},"end":{"line":17,"column":null}},"14":{"start":{"line":18,"column":6},"end":{"line":18,"column":null}},"15":{"start":{"line":18,"column":28},"end":{"line":18,"column":null}},"16":{"start":{"line":19,"column":6},"end":{"line":19,"column":null}},"17":{"start":{"line":19,"column":30},"end":{"line":19,"column":null}},"18":{"start":{"line":20,"column":6},"end":{"line":20,"column":null}},"19":{"start":{"line":20,"column":34},"end":{"line":20,"column":null}},"20":{"start":{"line":21,"column":6},"end":{"line":21,"column":null}},"21":{"start":{"line":21,"column":33},"end":{"line":21,"column":null}},"22":{"start":{"line":25,"column":2},"end":{"line":53,"column":null}}},"fnMap":{"0":{"name":"(anonymous_0)","decl":{"start":{"line":11,"column":24},"end":{"line":11,"column":30}},"loc":{"start":{"line":11,"column":30},"end":{"line":11,"column":null}},"line":11},"1":{"name":"(anonymous_1)","decl":{"start":{"line":12,"column":18},"end":{"line":12,"column":24}},"loc":{"start":{"line":12,"column":24},"end":{"line":12,"column":null}},"line":12},"2":{"name":"(anonymous_2)","decl":{"start":{"line":13,"column":19},"end":{"line":13,"column":25}},"loc":{"start":{"line":13,"column":25},"end":{"line":13,"column":null}},"line":13},"3":{"name":"(anonymous_3)","decl":{"start":{"line":14,"column":22},"end":{"line":14,"column":28}},"loc":{"start":{"line":14,"column":28},"end":{"line":14,"column":null}},"line":14},"4":{"name":"(anonymous_4)","decl":{"start":{"line":15,"column":21},"end":{"line":15,"column":27}},"loc":{"start":{"line":15,"column":27},"end":{"line":15,"column":null}},"line":15},"5":{"name":"(anonymous_5)","decl":{"start":{"line":16,"column":28},"end":{"line":16,"column":34}},"loc":{"start":{"line":16,"column":34},"end":{"line":16,"column":null}},"line":16},"6":{"name":"(anonymous_6)","decl":{"start":{"line":17,"column":25},"end":{"line":17,"column":31}},"loc":{"start":{"line":17,"column":31},"end":{"line":17,"column":null}},"line":17},"7":{"name":"(anonymous_7)","decl":{"start":{"line":18,"column":22},"end":{"line":18,"column":28}},"loc":{"start":{"line":18,"column":28},"end":{"line":18,"column":null}},"line":18},"8":{"name":"(anonymous_8)","decl":{"start":{"line":19,"column":24},"end":{"line":19,"column":30}},"loc":{"start":{"line":19,"column":30},"end":{"line":19,"column":null}},"line":19},"9":{"name":"(anonymous_9)","decl":{"start":{"line":20,"column":28},"end":{"line":20,"column":34}},"loc":{"start":{"line":20,"column":34},"end":{"line":20,"column":null}},"line":20},"10":{"name":"(anonymous_10)","decl":{"start":{"line":21,"column":27},"end":{"line":21,"column":33}},"loc":{"start":{"line":21,"column":33},"end":{"line":21,"column":null}},"line":21},"11":{"name":"App","decl":{"start":{"line":23,"column":24},"end":{"line":23,"column":30}},"loc":{"start":{"line":23,"column":30},"end":{"line":55,"column":null}},"line":23}},"branchMap":{},"s":{"0":1,"1":1,"2":1,"3":1,"4":1,"5":0,"6":1,"7":0,"8":1,"9":0,"10":1,"11":0,"12":1,"13":0,"14":1,"15":0,"16":1,"17":0,"18":1,"19":0,"20":1,"21":0,"22":4},"f":{"0":1,"1":1,"2":0,"3":0,"4":0,"5":0,"6":0,"7":0,"8":0,"9":0,"10":0,"11":4},"b":{},"meta":{"lastBranch":0,"lastFunction":12,"lastStatement":23,"seen":{"s:11:6:11:Infinity":0,"f:11:24:11:30":0,"s:11:30:11:Infinity":1,"s:12:6:12:Infinity":2,"f:12:18:12:24":1,"s:12:24:12:Infinity":3,"s:13:6:13:Infinity":4,"f:13:19:13:25":2,"s:13:25:13:Infinity":5,"s:14:6:14:Infinity":6,"f:14:22:14:28":3,"s:14:28:14:Infinity":7,"s:15:6:15:Infinity":8,"f:15:21:15:27":4,"s:15:27:15:Infinity":9,"s:16:6:16:Infinity":10,"f:16:28:16:34":5,"s:16:34:16:Infinity":11,"s:17:6:17:Infinity":12,"f:17:25:17:31":6,"s:17:31:17:Infinity":13,"s:18:6:18:Infinity":14,"f:18:22:18:28":7,"s:18:28:18:Infinity":15,"s:19:6:19:Infinity":16,"f:19:24:19:30":8,"s:19:30:19:Infinity":17,"s:20:6:20:Infinity":18,"f:20:28:20:34":9,"s:20:34:20:Infinity":19,"s:21:6:21:Infinity":20,"f:21:27:21:33":10,"s:21:33:21:Infinity":21,"f:23:24:23:30":11,"s:25:2:53:Infinity":22}}}
,"C:\\Users\\mahmo\\OneDrive\\Desktop\\ReactProjects\\BlogApp\\BlogApp.React\\src\\api\\authApi.ts": {"path":"C:\\Users\\mahmo\\OneDrive\\Desktop\\ReactProjects\\BlogApp\\BlogApp.React\\src\\api\\authApi.ts","statementMap":{"0":{"start":{"line":13,"column":22},"end":{"line":32,"column":null}},"1":{"start":{"line":16,"column":18},"end":{"line":16,"column":null}},"2":{"start":{"line":17,"column":7},"end":{"line":17,"column":null}},"3":{"start":{"line":21,"column":18},"end":{"line":21,"column":null}},"4":{"start":{"line":22,"column":8},"end":{"line":22,"column":null}},"5":{"start":{"line":26,"column":8},"end":{"line":26,"column":null}},"6":{"start":{"line":30,"column":8},"end":{"line":30,"column":null}}},"fnMap":{"0":{"name":"(anonymous_0)","decl":{"start":{"line":14,"column":10},"end":{"line":14,"column":17}},"loc":{"start":{"line":15,"column":4},"end":{"line":18,"column":null}},"line":15},"1":{"name":"(anonymous_1)","decl":{"start":{"line":19,"column":13},"end":{"line":19,"column":20}},"loc":{"start":{"line":20,"column":4},"end":{"line":23,"column":null}},"line":20},"2":{"name":"(anonymous_2)","decl":{"start":{"line":24,"column":19},"end":{"line":24,"column":26}},"loc":{"start":{"line":25,"column":4},"end":{"line":27,"column":null}},"line":25},"3":{"name":"(anonymous_3)","decl":{"start":{"line":28,"column":18},"end":{"line":28,"column":25}},"loc":{"start":{"line":29,"column":4},"end":{"line":31,"column":null}},"line":29}},"branchMap":{},"s":{"0":6,"1":1,"2":0,"3":0,"4":0,"5":0,"6":0},"f":{"0":1,"1":0,"2":0,"3":0},"b":{},"meta":{"lastBranch":0,"lastFunction":4,"lastStatement":7,"seen":{"s:13:22:32:Infinity":0,"f:14:10:14:17":0,"s:16:18:16:Infinity":1,"s:17:7:17:Infinity":2,"f:19:13:19:20":1,"s:21:18:21:Infinity":3,"s:22:8:22:Infinity":4,"f:24:19:24:26":2,"s:26:8:26:Infinity":5,"f:28:18:28:25":3,"s:30:8:30:Infinity":6}}}
,"C:\\Users\\mahmo\\OneDrive\\Desktop\\ReactProjects\\BlogApp\\BlogApp.React\\src\\api\\commentsApi.ts": {"path":"C:\\Users\\mahmo\\OneDrive\\Desktop\\ReactProjects\\BlogApp\\BlogApp.React\\src\\api\\commentsApi.ts","statementMap":{"0":{"start":{"line":6,"column":24},"end":{"line":29,"column":null}},"1":{"start":{"line":9,"column":19},"end":{"line":9,"column":null}},"2":{"start":{"line":10,"column":8},"end":{"line":10,"column":null}},"3":{"start":{"line":14,"column":19},"end":{"line":14,"column":null}},"4":{"start":{"line":15,"column":8},"end":{"line":15,"column":null}},"5":{"start":{"line":19,"column":20},"end":{"line":22,"column":null}},"6":{"start":{"line":23,"column":8},"end":{"line":23,"column":null}},"7":{"start":{"line":27,"column":8},"end":{"line":27,"column":null}}},"fnMap":{"0":{"name":"(anonymous_0)","decl":{"start":{"line":8,"column":10},"end":{"line":8,"column":22}},"loc":{"start":{"line":8,"column":55},"end":{"line":11,"column":null}},"line":8},"1":{"name":"(anonymous_1)","decl":{"start":{"line":13,"column":10},"end":{"line":13,"column":17}},"loc":{"start":{"line":13,"column":63},"end":{"line":16,"column":null}},"line":13},"2":{"name":"(anonymous_2)","decl":{"start":{"line":18,"column":10},"end":{"line":18,"column":17}},"loc":{"start":{"line":18,"column":71},"end":{"line":24,"column":null}},"line":18},"3":{"name":"(anonymous_3)","decl":{"start":{"line":26,"column":10},"end":{"line":26,"column":17}},"loc":{"start":{"line":26,"column":51},"end":{"line":28,"column":null}},"line":26}},"branchMap":{},"s":{"0":5,"1":0,"2":0,"3":0,"4":0,"5":0,"6":0,"7":0},"f":{"0":0,"1":0,"2":0,"3":0},"b":{},"meta":{"lastBranch":0,"lastFunction":4,"lastStatement":8,"seen":{"s:6:24:29:Infinity":0,"f:8:10:8:22":0,"s:9:19:9:Infinity":1,"s:10:8:10:Infinity":2,"f:13:10:13:17":1,"s:14:19:14:Infinity":3,"s:15:8:15:Infinity":4,"f:18:10:18:17":2,"s:19:20:22:Infinity":5,"s:23:8:23:Infinity":6,"f:26:10:26:17":3,"s:27:8:27:Infinity":7}}}
,"C:\\Users\\mahmo\\OneDrive\\Desktop\\ReactProjects\\BlogApp\\BlogApp.React\\src\\api\\postsApi.ts": {"path":"C:\\Users\\mahmo\\OneDrive\\Desktop\\ReactProjects\\BlogApp\\BlogApp.React\\src\\api\\postsApi.ts","statementMap":{"0":{"start":{"line":6,"column":21},"end":{"line":45,"column":null}},"1":{"start":{"line":8,"column":15},"end":{"line":8,"column":null}},"2":{"start":{"line":9,"column":4},"end":{"line":9,"column":null}},"3":{"start":{"line":12,"column":15},"end":{"line":12,"column":null}},"4":{"start":{"line":13,"column":4},"end":{"line":13,"column":null}},"5":{"start":{"line":17,"column":19},"end":{"line":17,"column":null}},"6":{"start":{"line":18,"column":4},"end":{"line":18,"column":null}},"7":{"start":{"line":19,"column":4},"end":{"line":19,"column":null}},"8":{"start":{"line":20,"column":4},"end":{"line":20,"column":null}},"9":{"start":{"line":21,"column":4},"end":{"line":21,"column":null}},"10":{"start":{"line":22,"column":4},"end":{"line":22,"column":null}},"11":{"start":{"line":22,"column":32},"end":{"line":22,"column":75}},"12":{"start":{"line":23,"column":4},"end":{"line":23,"column":null}},"13":{"start":{"line":23,"column":23},"end":{"line":23,"column":null}},"14":{"start":{"line":24,"column":15},"end":{"line":24,"column":null}},"15":{"start":{"line":25,"column":4},"end":{"line":25,"column":null}},"16":{"start":{"line":29,"column":19},"end":{"line":29,"column":null}},"17":{"start":{"line":30,"column":4},"end":{"line":30,"column":null}},"18":{"start":{"line":31,"column":4},"end":{"line":31,"column":null}},"19":{"start":{"line":32,"column":4},"end":{"line":32,"column":null}},"20":{"start":{"line":33,"column":4},"end":{"line":33,"column":null}},"21":{"start":{"line":34,"column":4},"end":{"line":34,"column":null}},"22":{"start":{"line":35,"column":4},"end":{"line":35,"column":null}},"23":{"start":{"line":35,"column":32},"end":{"line":35,"column":75}},"24":{"start":{"line":36,"column":4},"end":{"line":36,"column":null}},"25":{"start":{"line":36,"column":23},"end":{"line":36,"column":null}},"26":{"start":{"line":37,"column":15},"end":{"line":37,"column":null}},"27":{"start":{"line":38,"column":4},"end":{"line":38,"column":null}},"28":{"start":{"line":41,"column":14},"end":{"line":41,"column":null}},"29":{"start":{"line":42,"column":4},"end":{"line":42,"column":null}}},"fnMap":{"0":{"name":"(anonymous_0)","decl":{"start":{"line":7,"column":8},"end":{"line":7,"column":32}},"loc":{"start":{"line":7,"column":32},"end":{"line":10,"column":null}},"line":7},"1":{"name":"(anonymous_1)","decl":{"start":{"line":11,"column":8},"end":{"line":11,"column":16}},"loc":{"start":{"line":11,"column":40},"end":{"line":14,"column":null}},"line":11},"2":{"name":"(anonymous_2)","decl":{"start":{"line":16,"column":8},"end":{"line":16,"column":15}},"loc":{"start":{"line":16,"column":52},"end":{"line":26,"column":null}},"line":16},"3":{"name":"(anonymous_3)","decl":{"start":{"line":22,"column":24},"end":{"line":22,"column":32}},"loc":{"start":{"line":22,"column":32},"end":{"line":22,"column":75}},"line":22},"4":{"name":"(anonymous_4)","decl":{"start":{"line":28,"column":8},"end":{"line":28,"column":15}},"loc":{"start":{"line":28,"column":52},"end":{"line":39,"column":null}},"line":28},"5":{"name":"(anonymous_5)","decl":{"start":{"line":35,"column":24},"end":{"line":35,"column":32}},"loc":{"start":{"line":35,"column":32},"end":{"line":35,"column":75}},"line":35},"6":{"name":"(anonymous_6)","decl":{"start":{"line":40,"column":8},"end":{"line":40,"column":15}},"loc":{"start":{"line":40,"column":41},"end":{"line":43,"column":null}},"line":40}},"branchMap":{"0":{"loc":{"start":{"line":23,"column":4},"end":{"line":23,"column":null}},"type":"if","locations":[{"start":{"line":23,"column":4},"end":{"line":23,"column":null}},{"start":{},"end":{}}],"line":23},"1":{"loc":{"start":{"line":36,"column":4},"end":{"line":36,"column":null}},"type":"if","locations":[{"start":{"line":36,"column":4},"end":{"line":36,"column":null}},{"start":{},"end":{}}],"line":36}},"s":{"0":5,"1":12,"2":11,"3":0,"4":0,"5":0,"6":0,"7":0,"8":0,"9":0,"10":0,"11":0,"12":0,"13":0,"14":0,"15":0,"16":0,"17":0,"18":0,"19":0,"20":0,"21":0,"22":0,"23":0,"24":0,"25":0,"26":0,"27":0,"28":0,"29":0},"f":{"0":12,"1":0,"2":0,"3":0,"4":0,"5":0,"6":0},"b":{"0":[0,0],"1":[0,0]},"meta":{"lastBranch":2,"lastFunction":7,"lastStatement":30,"seen":{"s:6:21:45:Infinity":0,"f:7:8:7:32":0,"s:8:15:8:Infinity":1,"s:9:4:9:Infinity":2,"f:11:8:11:16":1,"s:12:15:12:Infinity":3,"s:13:4:13:Infinity":4,"f:16:8:16:15":2,"s:17:19:17:Infinity":5,"s:18:4:18:Infinity":6,"s:19:4:19:Infinity":7,"s:20:4:20:Infinity":8,"s:21:4:21:Infinity":9,"s:22:4:22:Infinity":10,"f:22:24:22:32":3,"s:22:32:22:75":11,"b:23:4:23:Infinity:undefined:undefined:undefined:undefined":0,"s:23:4:23:Infinity":12,"s:23:23:23:Infinity":13,"s:24:15:24:Infinity":14,"s:25:4:25:Infinity":15,"f:28:8:28:15":4,"s:29:19:29:Infinity":16,"s:30:4:30:Infinity":17,"s:31:4:31:Infinity":18,"s:32:4:32:Infinity":19,"s:33:4:33:Infinity":20,"s:34:4:34:Infinity":21,"s:35:4:35:Infinity":22,"f:35:24:35:32":5,"s:35:32:35:75":23,"b:36:4:36:Infinity:undefined:undefined:undefined:undefined":1,"s:36:4:36:Infinity":24,"s:36:23:36:Infinity":25,"s:37:15:37:Infinity":26,"s:38:4:38:Infinity":27,"f:40:8:40:15":6,"s:41:14:41:Infinity":28,"s:42:4:42:Infinity":29}}}
,"C:\\Users\\mahmo\\OneDrive\\Desktop\\ReactProjects\\BlogApp\\BlogApp.React\\src\\api\\profileApi.ts": {"path":"C:\\Users\\mahmo\\OneDrive\\Desktop\\ReactProjects\\BlogApp\\BlogApp.React\\src\\api\\profileApi.ts","statementMap":{"0":{"start":{"line":6,"column":24},"end":{"line":30,"column":null}},"1":{"start":{"line":9,"column":18},"end":{"line":9,"column":null}},"2":{"start":{"line":10,"column":8},"end":{"line":10,"column":null}},"3":{"start":{"line":13,"column":18},"end":{"line":13,"column":null}},"4":{"start":{"line":14,"column":8},"end":{"line":14,"column":null}},"5":{"start":{"line":18,"column":25},"end":{"line":18,"column":null}},"6":{"start":{"line":19,"column":8},"end":{"line":19,"column":null}},"7":{"start":{"line":20,"column":20},"end":{"line":22,"column":null}},"8":{"start":{"line":23,"column":8},"end":{"line":23,"column":null}},"9":{"start":{"line":27,"column":18},"end":{"line":27,"column":null}},"10":{"start":{"line":28,"column":8},"end":{"line":28,"column":null}}},"fnMap":{"0":{"name":"(anonymous_0)","decl":{"start":{"line":8,"column":18},"end":{"line":8,"column":24}},"loc":{"start":{"line":8,"column":65},"end":{"line":11,"column":null}},"line":8},"1":{"name":"(anonymous_1)","decl":{"start":{"line":12,"column":19},"end":{"line":12,"column":25}},"loc":{"start":{"line":12,"column":69},"end":{"line":15,"column":null}},"line":12},"2":{"name":"(anonymous_2)","decl":{"start":{"line":17,"column":17},"end":{"line":17,"column":23}},"loc":{"start":{"line":17,"column":51},"end":{"line":24,"column":null}},"line":17},"3":{"name":"(anonymous_3)","decl":{"start":{"line":26,"column":19},"end":{"line":26,"column":42}},"loc":{"start":{"line":26,"column":42},"end":{"line":29,"column":null}},"line":26}},"branchMap":{},"s":{"0":5,"1":0,"2":0,"3":0,"4":0,"5":0,"6":0,"7":0,"8":0,"9":0,"10":0},"f":{"0":0,"1":0,"2":0,"3":0},"b":{},"meta":{"lastBranch":0,"lastFunction":4,"lastStatement":11,"seen":{"s:6:24:30:Infinity":0,"f:8:18:8:24":0,"s:9:18:9:Infinity":1,"s:10:8:10:Infinity":2,"f:12:19:12:25":1,"s:13:18:13:Infinity":3,"s:14:8:14:Infinity":4,"f:17:17:17:23":2,"s:18:25:18:Infinity":5,"s:19:8:19:Infinity":6,"s:20:20:22:Infinity":7,"s:23:8:23:Infinity":8,"f:26:19:26:42":3,"s:27:18:27:Infinity":9,"s:28:8:28:Infinity":10}}}
,"C:\\Users\\mahmo\\OneDrive\\Desktop\\ReactProjects\\BlogApp\\BlogApp.React\\src\\api\\tagsApi.ts": {"path":"C:\\Users\\mahmo\\OneDrive\\Desktop\\ReactProjects\\BlogApp\\BlogApp.React\\src\\api\\tagsApi.ts","statementMap":{"0":{"start":{"line":6,"column":21},"end":{"line":13,"column":null}},"1":{"start":{"line":10,"column":19},"end":{"line":10,"column":null}},"2":{"start":{"line":11,"column":8},"end":{"line":11,"column":null}}},"fnMap":{"0":{"name":"(anonymous_0)","decl":{"start":{"line":9,"column":10},"end":{"line":9,"column":33}},"loc":{"start":{"line":9,"column":33},"end":{"line":12,"column":null}},"line":9}},"branchMap":{},"s":{"0":5,"1":12,"2":12},"f":{"0":12},"b":{},"meta":{"lastBranch":0,"lastFunction":1,"lastStatement":3,"seen":{"s:6:21:13:Infinity":0,"f:9:10:9:33":0,"s:10:19:10:Infinity":1,"s:11:8:11:Infinity":2}}}
,"C:\\Users\\mahmo\\OneDrive\\Desktop\\ReactProjects\\BlogApp\\BlogApp.React\\src\\app\\hooks.ts": {"path":"C:\\Users\\mahmo\\OneDrive\\Desktop\\ReactProjects\\BlogApp\\BlogApp.React\\src\\app\\hooks.ts","statementMap":{"0":{"start":{"line":5,"column":30},"end":{"line":5,"column":null}},"1":{"start":{"line":6,"column":61},"end":{"line":6,"column":null}}},"fnMap":{"0":{"name":"(anonymous_0)","decl":{"start":{"line":5,"column":30},"end":{"line":5,"column":36}},"loc":{"start":{"line":5,"column":30},"end":{"line":5,"column":null}},"line":5}},"branchMap":{},"s":{"0":90,"1":4},"f":{"0":90},"b":{},"meta":{"lastBranch":0,"lastFunction":1,"lastStatement":2,"seen":{"s:5:30:5:Infinity":0,"f:5:30:5:36":0,"s:6:61:6:Infinity":1}}}
,"C:\\Users\\mahmo\\OneDrive\\Desktop\\ReactProjects\\BlogApp\\BlogApp.React\\src\\app\\store.ts": {"path":"C:\\Users\\mahmo\\OneDrive\\Desktop\\ReactProjects\\BlogApp\\BlogApp.React\\src\\app\\store.ts","statementMap":{"0":{"start":{"line":7,"column":13},"end":{"line":15,"column":null}}},"fnMap":{},"branchMap":{},"s":{"0":1},"f":{},"b":{},"meta":{"lastBranch":0,"lastFunction":0,"lastStatement":1,"seen":{"s:7:13:15:Infinity":0}}}
,"C:\\Users\\mahmo\\OneDrive\\Desktop\\ReactProjects\\BlogApp\\BlogApp.React\\src\\assets\\avatar.png": {"path":"C:\\Users\\mahmo\\OneDrive\\Desktop\\ReactProjects\\BlogApp\\BlogApp.React\\src\\assets\\avatar.png","statementMap":{},"fnMap":{},"branchMap":{},"s":{},"f":{},"b":{},"meta":{"lastBranch":0,"lastFunction":0,"lastStatement":0,"seen":{}}}
,"C:\\Users\\mahmo\\OneDrive\\Desktop\\ReactProjects\\BlogApp\\BlogApp.React\\src\\assets\\m-logo-design.svg": {"path":"C:\\Users\\mahmo\\OneDrive\\Desktop\\ReactProjects\\BlogApp\\BlogApp.React\\src\\assets\\m-logo-design.svg","statementMap":{},"fnMap":{},"branchMap":{},"s":{},"f":{},"b":{},"meta":{"lastBranch":0,"lastFunction":0,"lastStatement":0,"seen":{}}}
,"C:\\Users\\mahmo\\OneDrive\\Desktop\\ReactProjects\\BlogApp\\BlogApp.React\\src\\components\\Counter.tsx": {"path":"C:\\Users\\mahmo\\OneDrive\\Desktop\\ReactProjects\\BlogApp\\BlogApp.React\\src\\components\\Counter.tsx","statementMap":{"0":{"start":{"line":4,"column":25},"end":{"line":4,"column":null}},"1":{"start":{"line":5,"column":2},"end":{"line":11,"column":null}},"2":{"start":{"line":8,"column":29},"end":{"line":8,"column":50}},"3":{"start":{"line":9,"column":29},"end":{"line":9,"column":50}},"4":{"start":{"line":10,"column":29},"end":{"line":10,"column":42}}},"fnMap":{"0":{"name":"Counter","decl":{"start":{"line":3,"column":9},"end":{"line":3,"column":19}},"loc":{"start":{"line":3,"column":19},"end":{"line":13,"column":null}},"line":3},"1":{"name":"(anonymous_1)","decl":{"start":{"line":8,"column":23},"end":{"line":8,"column":29}},"loc":{"start":{"line":8,"column":29},"end":{"line":8,"column":50}},"line":8},"2":{"name":"(anonymous_2)","decl":{"start":{"line":9,"column":23},"end":{"line":9,"column":29}},"loc":{"start":{"line":9,"column":29},"end":{"line":9,"column":50}},"line":9},"3":{"name":"(anonymous_3)","decl":{"start":{"line":10,"column":23},"end":{"line":10,"column":29}},"loc":{"start":{"line":10,"column":29},"end":{"line":10,"column":42}},"line":10}},"branchMap":{},"s":{"0":8,"1":8,"2":2,"3":1,"4":1},"f":{"0":8,"1":2,"2":1,"3":1},"b":{},"meta":{"lastBranch":0,"lastFunction":4,"lastStatement":5,"seen":{"f:3:9:3:19":0,"s:4:25:4:Infinity":0,"s:5:2:11:Infinity":1,"f:8:23:8:29":1,"s:8:29:8:50":2,"f:9:23:9:29":2,"s:9:29:9:50":3,"f:10:23:10:29":3,"s:10:29:10:42":4}}}
,"C:\\Users\\mahmo\\OneDrive\\Desktop\\ReactProjects\\BlogApp\\BlogApp.React\\src\\components\\Greeting.tsx": {"path":"C:\\Users\\mahmo\\OneDrive\\Desktop\\ReactProjects\\BlogApp\\BlogApp.React\\src\\components\\Greeting.tsx","statementMap":{"0":{"start":{"line":4,"column":2},"end":{"line":8,"column":null}}},"fnMap":{"0":{"name":"Greeting","decl":{"start":{"line":3,"column":9},"end":{"line":3,"column":19}},"loc":{"start":{"line":3,"column":44},"end":{"line":10,"column":null}},"line":3}},"branchMap":{},"s":{"0":4},"f":{"0":4},"b":{},"meta":{"lastBranch":0,"lastFunction":1,"lastStatement":1,"seen":{"f:3:9:3:19":0,"s:4:2:8:Infinity":0}}}
,"C:\\Users\\mahmo\\OneDrive\\Desktop\\ReactProjects\\BlogApp\\BlogApp.React\\src\\components\\NavBar.tsx": {"path":"C:\\Users\\mahmo\\OneDrive\\Desktop\\ReactProjects\\BlogApp\\BlogApp.React\\src\\components\\NavBar.tsx","statementMap":{"0":{"start":{"line":17,"column":46},"end":{"line":40,"column":null}},"1":{"start":{"line":18,"column":34},"end":{"line":18,"column":null}},"2":{"start":{"line":20,"column":19},"end":{"line":20,"column":null}},"3":{"start":{"line":22,"column":2},"end":{"line":28,"column":null}},"4":{"start":{"line":23,"column":4},"end":{"line":26,"column":null}},"5":{"start":{"line":30,"column":2},"end":{"line":38,"column":null}},"6":{"start":{"line":36,"column":23},"end":{"line":36,"column":null}},"7":{"start":{"line":45,"column":15},"end":{"line":45,"column":null}},"8":{"start":{"line":45,"column":45},"end":{"line":45,"column":55}},"9":{"start":{"line":46,"column":8},"end":{"line":46,"column":null}},"10":{"start":{"line":47,"column":8},"end":{"line":47,"column":null}},"11":{"start":{"line":49,"column":23},"end":{"line":52,"column":null}},"12":{"start":{"line":50,"column":4},"end":{"line":50,"column":null}},"13":{"start":{"line":51,"column":4},"end":{"line":51,"column":null}},"14":{"start":{"line":54,"column":2},"end":{"line":173,"column":null}}},"fnMap":{"0":{"name":"(anonymous_0)","decl":{"start":{"line":17,"column":46},"end":{"line":17,"column":47}},"loc":{"start":{"line":17,"column":75},"end":{"line":40,"column":null}},"line":17},"1":{"name":"(anonymous_1)","decl":{"start":{"line":36,"column":17},"end":{"line":36,"column":23}},"loc":{"start":{"line":36,"column":23},"end":{"line":36,"column":null}},"line":36},"2":{"name":"NavBar","decl":{"start":{"line":44,"column":24},"end":{"line":44,"column":33}},"loc":{"start":{"line":44,"column":33},"end":{"line":175,"column":null}},"line":44},"3":{"name":"(anonymous_3)","decl":{"start":{"line":45,"column":34},"end":{"line":45,"column":35}},"loc":{"start":{"line":45,"column":45},"end":{"line":45,"column":55}},"line":45},"4":{"name":"(anonymous_4)","decl":{"start":{"line":49,"column":23},"end":{"line":49,"column":29}},"loc":{"start":{"line":49,"column":29},"end":{"line":52,"column":null}},"line":49}},"branchMap":{"0":{"loc":{"start":{"line":22,"column":2},"end":{"line":28,"column":null}},"type":"if","locations":[{"start":{"line":22,"column":2},"end":{"line":28,"column":null}},{"start":{},"end":{}}],"line":22},"1":{"loc":{"start":{"line":22,"column":6},"end":{"line":22,"column":32}},"type":"binary-expr","locations":[{"start":{"line":22,"column":6},"end":{"line":22,"column":20}},{"start":{"line":22,"column":20},"end":{"line":22,"column":32}}],"line":22},"2":{"loc":{"start":{"line":75,"column":13},"end":{"line":83,"column":null}},"type":"binary-expr","locations":[{"start":{"line":75,"column":13},"end":{"line":75,"column":null}},{"start":{"line":76,"column":14},"end":{"line":83,"column":null}}],"line":75},"3":{"loc":{"start":{"line":86,"column":13},"end":{"line":168,"column":null}},"type":"binary-expr","locations":[{"start":{"line":86,"column":13},"end":{"line":86,"column":null}},{"start":{"line":87,"column":14},"end":{"line":168,"column":null}}],"line":86},"4":{"loc":{"start":{"line":103,"column":22},"end":{"line":113,"column":null}},"type":"binary-expr","locations":[{"start":{"line":103,"column":22},"end":{"line":103,"column":47}},{"start":{"line":103,"column":47},"end":{"line":103,"column":null}},{"start":{"line":104,"column":22},"end":{"line":113,"column":null}}],"line":103},"5":{"loc":{"start":{"line":139,"column":20},"end":{"line":146,"column":null}},"type":"binary-expr","locations":[{"start":{"line":139,"column":20},"end":{"line":139,"column":45}},{"start":{"line":139,"column":45},"end":{"line":139,"column":null}},{"start":{"line":140,"column":20},"end":{"line":146,"column":null}}],"line":139}},"s":{"0":1,"1":0,"2":0,"3":0,"4":0,"5":0,"6":0,"7":2,"8":8,"9":2,"10":2,"11":2,"12":0,"13":0,"14":2},"f":{"0":0,"1":0,"2":2,"3":8,"4":0},"b":{"0":[0,0],"1":[0,0],"2":[2,2],"3":[2,0],"4":[0,0,0],"5":[0,0,0]},"meta":{"lastBranch":6,"lastFunction":5,"lastStatement":15,"seen":{"s:17:46:40:Infinity":0,"f:17:46:17:47":0,"s:18:34:18:Infinity":1,"s:20:19:20:Infinity":2,"b:22:2:28:Infinity:undefined:undefined:undefined:undefined":0,"s:22:2:28:Infinity":3,"b:22:6:22:20:22:20:22:32":1,"s:23:4:26:Infinity":4,"s:30:2:38:Infinity":5,"f:36:17:36:23":1,"s:36:23:36:Infinity":6,"f:44:24:44:33":2,"s:45:15:45:Infinity":7,"f:45:34:45:35":3,"s:45:45:45:55":8,"s:46:8:46:Infinity":9,"s:47:8:47:Infinity":10,"s:49:23:52:Infinity":11,"f:49:23:49:29":4,"s:50:4:50:Infinity":12,"s:51:4:51:Infinity":13,"s:54:2:173:Infinity":14,"b:75:13:75:Infinity:76:14:83:Infinity":2,"b:86:13:86:Infinity:87:14:168:Infinity":3,"b:103:22:103:47:103:47:103:Infinity:104:22:113:Infinity":4,"b:139:20:139:45:139:45:139:Infinity:140:20:146:Infinity":5}}}
,"C:\\Users\\mahmo\\OneDrive\\Desktop\\ReactProjects\\BlogApp\\BlogApp.React\\src\\components\\PostSearch.tsx": {"path":"C:\\Users\\mahmo\\OneDrive\\Desktop\\ReactProjects\\BlogApp\\BlogApp.React\\src\\components\\PostSearch.tsx","statementMap":{"0":{"start":{"line":5,"column":26},"end":{"line":5,"column":null}},"1":{"start":{"line":6,"column":24},"end":{"line":8,"column":null}},"2":{"start":{"line":7,"column":4},"end":{"line":7,"column":null}},"3":{"start":{"line":10,"column":2},"end":{"line":19,"column":null}},"4":{"start":{"line":12,"column":88},"end":{"line":12,"column":114}},"5":{"start":{"line":16,"column":10},"end":{"line":16,"column":null}}},"fnMap":{"0":{"name":"PostSearch","decl":{"start":{"line":4,"column":9},"end":{"line":4,"column":20}},"loc":{"start":{"line":4,"column":50},"end":{"line":21,"column":null}},"line":4},"1":{"name":"(anonymous_1)","decl":{"start":{"line":6,"column":37},"end":{"line":6,"column":38}},"loc":{"start":{"line":7,"column":4},"end":{"line":7,"column":null}},"line":7},"2":{"name":"(anonymous_2)","decl":{"start":{"line":12,"column":81},"end":{"line":12,"column":82}},"loc":{"start":{"line":12,"column":88},"end":{"line":12,"column":114}},"line":12},"3":{"name":"(anonymous_3)","decl":{"start":{"line":15,"column":27},"end":{"line":15,"column":28}},"loc":{"start":{"line":16,"column":10},"end":{"line":16,"column":null}},"line":16}},"branchMap":{"0":{"loc":{"start":{"line":13,"column":7},"end":{"line":13,"column":null}},"type":"binary-expr","locations":[{"start":{"line":13,"column":7},"end":{"line":13,"column":37}},{"start":{"line":13,"column":37},"end":{"line":13,"column":null}}],"line":13}},"s":{"0":31,"1":31,"2":93,"3":31,"4":26,"5":33},"f":{"0":31,"1":93,"2":26,"3":33},"b":{"0":[31,13]},"meta":{"lastBranch":1,"lastFunction":4,"lastStatement":6,"seen":{"f:4:9:4:20":0,"s:5:26:5:Infinity":0,"s:6:24:8:Infinity":1,"f:6:37:6:38":1,"s:7:4:7:Infinity":2,"s:10:2:19:Infinity":3,"f:12:81:12:82":2,"s:12:88:12:114":4,"b:13:7:13:37:13:37:13:Infinity":0,"f:15:27:15:28":3,"s:16:10:16:Infinity":5}}}
,"C:\\Users\\mahmo\\OneDrive\\Desktop\\ReactProjects\\BlogApp\\BlogApp.React\\src\\components\\Profile\\PasswordForm.tsx": {"path":"C:\\Users\\mahmo\\OneDrive\\Desktop\\ReactProjects\\BlogApp\\BlogApp.React\\src\\components\\Profile\\PasswordForm.tsx","statementMap":{"0":{"start":{"line":18,"column":52},"end":{"line":18,"column":null}},"1":{"start":{"line":19,"column":44},"end":{"line":19,"column":null}},"2":{"start":{"line":20,"column":52},"end":{"line":20,"column":null}},"3":{"start":{"line":22,"column":8},"end":{"line":22,"column":null}},"4":{"start":{"line":23,"column":26},"end":{"line":23,"column":null}},"5":{"start":{"line":23,"column":56},"end":{"line":23,"column":69}},"6":{"start":{"line":31,"column":2},"end":{"line":33,"column":null}},"7":{"start":{"line":35,"column":19},"end":{"line":44,"column":null}},"8":{"start":{"line":36,"column":4},"end":{"line":43,"column":null}},"9":{"start":{"line":37,"column":6},"end":{"line":37,"column":null}},"10":{"start":{"line":38,"column":6},"end":{"line":38,"column":null}},"11":{"start":{"line":39,"column":6},"end":{"line":39,"column":null}},"12":{"start":{"line":42,"column":6},"end":{"line":42,"column":null}},"13":{"start":{"line":46,"column":23},"end":{"line":65,"column":null}},"14":{"start":{"line":48,"column":23},"end":{"line":48,"column":null}},"15":{"start":{"line":49,"column":22},"end":{"line":49,"column":null}},"16":{"start":{"line":49,"column":62},"end":{"line":49,"column":90}},"17":{"start":{"line":51,"column":4},"end":{"line":54,"column":null}},"18":{"start":{"line":52,"column":6},"end":{"line":52,"column":null}},"19":{"start":{"line":53,"column":6},"end":{"line":53,"column":null}},"20":{"start":{"line":56,"column":24},"end":{"line":62,"column":null}},"21":{"start":{"line":64,"column":4},"end":{"line":64,"column":null}},"22":{"start":{"line":64,"column":21},"end":{"line":64,"column":null}},"23":{"start":{"line":67,"column":25},"end":{"line":87,"column":null}},"24":{"start":{"line":89,"column":2},"end":{"line":144,"column":null}},"25":{"start":{"line":102,"column":28},"end":{"line":102,"column":null}},"26":{"start":{"line":115,"column":10},"end":{"line":133,"column":null}},"27":{"start":{"line":126,"column":34},"end":{"line":126,"column":null}}},"fnMap":{"0":{"name":"PasswordForm","decl":{"start":{"line":17,"column":9},"end":{"line":17,"column":24}},"loc":{"start":{"line":17,"column":24},"end":{"line":146,"column":null}},"line":17},"1":{"name":"(anonymous_1)","decl":{"start":{"line":23,"column":45},"end":{"line":23,"column":46}},"loc":{"start":{"line":23,"column":56},"end":{"line":23,"column":69}},"line":23},"2":{"name":"(anonymous_2)","decl":{"start":{"line":35,"column":19},"end":{"line":35,"column":26}},"loc":{"start":{"line":35,"column":59},"end":{"line":44,"column":null}},"line":35},"3":{"name":"(anonymous_3)","decl":{"start":{"line":46,"column":23},"end":{"line":46,"column":35}},"loc":{"start":{"line":46,"column":35},"end":{"line":65,"column":null}},"line":46},"4":{"name":"(anonymous_4)","decl":{"start":{"line":49,"column":53},"end":{"line":49,"column":62}},"loc":{"start":{"line":49,"column":62},"end":{"line":49,"column":90}},"line":49},"5":{"name":"(anonymous_5)","decl":{"start":{"line":102,"column":22},"end":{"line":102,"column":28}},"loc":{"start":{"line":102,"column":28},"end":{"line":102,"column":null}},"line":102},"6":{"name":"(anonymous_6)","decl":{"start":{"line":114,"column":37},"end":{"line":114,"column":38}},"loc":{"start":{"line":115,"column":10},"end":{"line":133,"column":null}},"line":115},"7":{"name":"(anonymous_7)","decl":{"start":{"line":126,"column":28},"end":{"line":126,"column":34}},"loc":{"start":{"line":126,"column":34},"end":{"line":126,"column":null}},"line":126}},"branchMap":{"0":{"loc":{"start":{"line":42,"column":18},"end":{"line":42,"column":54}},"type":"binary-expr","locations":[{"start":{"line":42,"column":18},"end":{"line":42,"column":27}},{"start":{"line":42,"column":27},"end":{"line":42,"column":54}}],"line":42},"1":{"loc":{"start":{"line":49,"column":62},"end":{"line":49,"column":90}},"type":"binary-expr","locations":[{"start":{"line":49,"column":62},"end":{"line":49,"column":71}},{"start":{"line":49,"column":71},"end":{"line":49,"column":90}}],"line":49},"2":{"loc":{"start":{"line":51,"column":4},"end":{"line":54,"column":null}},"type":"if","locations":[{"start":{"line":51,"column":4},"end":{"line":54,"column":null}},{"start":{},"end":{}}],"line":51},"3":{"loc":{"start":{"line":64,"column":4},"end":{"line":64,"column":null}},"type":"if","locations":[{"start":{"line":64,"column":4},"end":{"line":64,"column":null}},{"start":{},"end":{}}],"line":64},"4":{"loc":{"start":{"line":96,"column":18},"end":{"line":96,"column":null}},"type":"cond-expr","locations":[{"start":{"line":96,"column":43},"end":{"line":96,"column":52}},{"start":{"line":96,"column":52},"end":{"line":96,"column":null}}],"line":96},"5":{"loc":{"start":{"line":105,"column":9},"end":{"line":108,"column":null}},"type":"binary-expr","locations":[{"start":{"line":105,"column":9},"end":{"line":105,"column":null}},{"start":{"line":106,"column":10},"end":{"line":108,"column":null}}],"line":105},"6":{"loc":{"start":{"line":120,"column":24},"end":{"line":120,"column":null}},"type":"cond-expr","locations":[{"start":{"line":120,"column":37},"end":{"line":120,"column":46}},{"start":{"line":120,"column":46},"end":{"line":120,"column":null}}],"line":120},"7":{"loc":{"start":{"line":129,"column":15},"end":{"line":130,"column":null}},"type":"binary-expr","locations":[{"start":{"line":129,"column":15},"end":{"line":129,"column":null}},{"start":{"line":130,"column":16},"end":{"line":130,"column":null}}],"line":129}},"s":{"0":0,"1":0,"2":0,"3":0,"4":0,"5":0,"6":0,"7":0,"8":0,"9":0,"10":0,"11":0,"12":0,"13":0,"14":0,"15":0,"16":0,"17":0,"18":0,"19":0,"20":0,"21":0,"22":0,"23":0,"24":0,"25":0,"26":0,"27":0},"f":{"0":0,"1":0,"2":0,"3":0,"4":0,"5":0,"6":0,"7":0},"b":{"0":[0,0],"1":[0,0],"2":[0,0],"3":[0,0],"4":[0,0],"5":[0,0],"6":[0,0],"7":[0,0]},"meta":{"lastBranch":8,"lastFunction":8,"lastStatement":28,"seen":{"f:17:9:17:24":0,"s:18:52:18:Infinity":0,"s:19:44:19:Infinity":1,"s:20:52:20:Infinity":2,"s:22:8:22:Infinity":3,"s:23:26:23:Infinity":4,"f:23:45:23:46":1,"s:23:56:23:69":5,"s:31:2:33:Infinity":6,"s:35:19:44:Infinity":7,"f:35:19:35:26":2,"s:36:4:43:Infinity":8,"s:37:6:37:Infinity":9,"s:38:6:38:Infinity":10,"s:39:6:39:Infinity":11,"s:42:6:42:Infinity":12,"b:42:18:42:27:42:27:42:54":0,"s:46:23:65:Infinity":13,"f:46:23:46:35":3,"s:48:23:48:Infinity":14,"s:49:22:49:Infinity":15,"f:49:53:49:62":4,"s:49:62:49:90":16,"b:49:62:49:71:49:71:49:90":1,"b:51:4:54:Infinity:undefined:undefined:undefined:undefined":2,"s:51:4:54:Infinity":17,"s:52:6:52:Infinity":18,"s:53:6:53:Infinity":19,"s:56:24:62:Infinity":20,"b:64:4:64:Infinity:undefined:undefined:undefined:undefined":3,"s:64:4:64:Infinity":21,"s:64:21:64:Infinity":22,"s:67:25:87:Infinity":23,"s:89:2:144:Infinity":24,"b:96:43:96:52:96:52:96:Infinity":4,"f:102:22:102:28":5,"s:102:28:102:Infinity":25,"b:105:9:105:Infinity:106:10:108:Infinity":5,"f:114:37:114:38":6,"s:115:10:133:Infinity":26,"b:120:37:120:46:120:46:120:Infinity":6,"f:126:28:126:34":7,"s:126:34:126:Infinity":27,"b:129:15:129:Infinity:130:16:130:Infinity":7}}}
,"C:\\Users\\mahmo\\OneDrive\\Desktop\\ReactProjects\\BlogApp\\BlogApp.React\\src\\components\\Profile\\ProfileForm.tsx": {"path":"C:\\Users\\mahmo\\OneDrive\\Desktop\\ReactProjects\\BlogApp\\BlogApp.React\\src\\components\\Profile\\ProfileForm.tsx","statementMap":{"0":{"start":{"line":14,"column":22},"end":{"line":14,"column":null}},"1":{"start":{"line":15,"column":23},"end":{"line":15,"column":null}},"2":{"start":{"line":18,"column":8},"end":{"line":18,"column":null}},"3":{"start":{"line":19,"column":55},"end":{"line":19,"column":null}},"4":{"start":{"line":19,"column":85},"end":{"line":19,"column":98}},"5":{"start":{"line":20,"column":8},"end":{"line":20,"column":null}},"6":{"start":{"line":21,"column":34},"end":{"line":21,"column":null}},"7":{"start":{"line":22,"column":34},"end":{"line":22,"column":null}},"8":{"start":{"line":29,"column":2},"end":{"line":36,"column":null}},"9":{"start":{"line":39,"column":2},"end":{"line":45,"column":null}},"10":{"start":{"line":40,"column":4},"end":{"line":40,"column":null}},"11":{"start":{"line":42,"column":4},"end":{"line":44,"column":null}},"12":{"start":{"line":43,"column":6},"end":{"line":43,"column":null}},"13":{"start":{"line":48,"column":2},"end":{"line":57,"column":null}},"14":{"start":{"line":49,"column":4},"end":{"line":56,"column":null}},"15":{"start":{"line":50,"column":6},"end":{"line":54,"column":null}},"16":{"start":{"line":55,"column":6},"end":{"line":55,"column":null}},"17":{"start":{"line":59,"column":23},"end":{"line":69,"column":null}},"18":{"start":{"line":60,"column":4},"end":{"line":63,"column":null}},"19":{"start":{"line":61,"column":6},"end":{"line":61,"column":null}},"20":{"start":{"line":62,"column":6},"end":{"line":62,"column":null}},"21":{"start":{"line":64,"column":4},"end":{"line":67,"column":null}},"22":{"start":{"line":65,"column":6},"end":{"line":65,"column":null}},"23":{"start":{"line":66,"column":6},"end":{"line":66,"column":null}},"24":{"start":{"line":68,"column":4},"end":{"line":68,"column":null}},"25":{"start":{"line":71,"column":29},"end":{"line":90,"column":null}},"26":{"start":{"line":72,"column":4},"end":{"line":72,"column":null}},"27":{"start":{"line":72,"column":29},"end":{"line":72,"column":null}},"28":{"start":{"line":75,"column":25},"end":{"line":75,"column":null}},"29":{"start":{"line":76,"column":4},"end":{"line":76,"column":null}},"30":{"start":{"line":78,"column":4},"end":{"line":89,"column":null}},"31":{"start":{"line":79,"column":27},"end":{"line":79,"column":null}},"32":{"start":{"line":80,"column":6},"end":{"line":80,"column":null}},"33":{"start":{"line":81,"column":6},"end":{"line":81,"column":null}},"34":{"start":{"line":85,"column":6},"end":{"line":85,"column":null}},"35":{"start":{"line":86,"column":6},"end":{"line":86,"column":null}},"36":{"start":{"line":88,"column":6},"end":{"line":88,"column":null}},"37":{"start":{"line":92,"column":27},"end":{"line":97,"column":null}},"38":{"start":{"line":93,"column":17},"end":{"line":93,"column":null}},"39":{"start":{"line":94,"column":4},"end":{"line":94,"column":null}},"40":{"start":{"line":94,"column":14},"end":{"line":94,"column":null}},"41":{"start":{"line":96,"column":4},"end":{"line":96,"column":null}},"42":{"start":{"line":99,"column":8},"end":{"line":103,"column":null}},"43":{"start":{"line":100,"column":4},"end":{"line":100,"column":null}},"44":{"start":{"line":101,"column":4},"end":{"line":101,"column":null}},"45":{"start":{"line":102,"column":4},"end":{"line":102,"column":null}},"46":{"start":{"line":105,"column":8},"end":{"line":109,"column":null}},"47":{"start":{"line":106,"column":4},"end":{"line":106,"column":null}},"48":{"start":{"line":107,"column":4},"end":{"line":107,"column":null}},"49":{"start":{"line":108,"column":4},"end":{"line":108,"column":null}},"50":{"start":{"line":111,"column":21},"end":{"line":117,"column":null}},"51":{"start":{"line":112,"column":4},"end":{"line":112,"column":null}},"52":{"start":{"line":113,"column":4},"end":{"line":113,"column":null}},"53":{"start":{"line":114,"column":4},"end":{"line":114,"column":null}},"54":{"start":{"line":115,"column":17},"end":{"line":115,"column":null}},"55":{"start":{"line":116,"column":4},"end":{"line":116,"column":null}},"56":{"start":{"line":116,"column":14},"end":{"line":116,"column":null}},"57":{"start":{"line":121,"column":19},"end":{"line":129,"column":null}},"58":{"start":{"line":122,"column":4},"end":{"line":128,"column":null}},"59":{"start":{"line":123,"column":6},"end":{"line":123,"column":null}},"60":{"start":{"line":124,"column":6},"end":{"line":124,"column":null}},"61":{"start":{"line":127,"column":6},"end":{"line":127,"column":null}},"62":{"start":{"line":131,"column":23},"end":{"line":142,"column":null}},"63":{"start":{"line":132,"column":4},"end":{"line":132,"column":null}},"64":{"start":{"line":132,"column":18},"end":{"line":132,"column":null}},"65":{"start":{"line":134,"column":4},"end":{"line":141,"column":null}},"66":{"start":{"line":135,"column":6},"end":{"line":139,"column":null}},"67":{"start":{"line":140,"column":6},"end":{"line":140,"column":null}},"68":{"start":{"line":144,"column":17},"end":{"line":147,"column":null}},"69":{"start":{"line":149,"column":19},"end":{"line":156,"column":null}},"70":{"start":{"line":152,"column":20},"end":{"line":152,"column":24}},"71":{"start":{"line":160,"column":2},"end":{"line":254,"column":null}},"72":{"start":{"line":171,"column":57},"end":{"line":171,"column":null}},"73":{"start":{"line":211,"column":29},"end":{"line":211,"column":null}},"74":{"start":{"line":224,"column":10},"end":{"line":236,"column":null}}},"fnMap":{"0":{"name":"ProfileForm","decl":{"start":{"line":17,"column":9},"end":{"line":17,"column":23}},"loc":{"start":{"line":17,"column":23},"end":{"line":256,"column":null}},"line":17},"1":{"name":"(anonymous_1)","decl":{"start":{"line":19,"column":74},"end":{"line":19,"column":75}},"loc":{"start":{"line":19,"column":85},"end":{"line":19,"column":98}},"line":19},"2":{"name":"(anonymous_2)","decl":{"start":{"line":39,"column":12},"end":{"line":39,"column":18}},"loc":{"start":{"line":39,"column":18},"end":{"line":45,"column":5}},"line":39},"3":{"name":"(anonymous_3)","decl":{"start":{"line":42,"column":11},"end":{"line":42,"column":17}},"loc":{"start":{"line":42,"column":17},"end":{"line":44,"column":null}},"line":42},"4":{"name":"(anonymous_4)","decl":{"start":{"line":48,"column":12},"end":{"line":48,"column":18}},"loc":{"start":{"line":48,"column":18},"end":{"line":57,"column":5}},"line":48},"5":{"name":"(anonymous_5)","decl":{"start":{"line":59,"column":23},"end":{"line":59,"column":24}},"loc":{"start":{"line":59,"column":48},"end":{"line":69,"column":null}},"line":59},"6":{"name":"(anonymous_6)","decl":{"start":{"line":71,"column":29},"end":{"line":71,"column":36}},"loc":{"start":{"line":71,"column":51},"end":{"line":90,"column":null}},"line":71},"7":{"name":"(anonymous_7)","decl":{"start":{"line":92,"column":27},"end":{"line":92,"column":28}},"loc":{"start":{"line":92,"column":71},"end":{"line":97,"column":null}},"line":92},"8":{"name":"(anonymous_8)","decl":{"start":{"line":99,"column":37},"end":{"line":99,"column":38}},"loc":{"start":{"line":99,"column":61},"end":{"line":103,"column":5}},"line":99},"9":{"name":"(anonymous_9)","decl":{"start":{"line":105,"column":38},"end":{"line":105,"column":39}},"loc":{"start":{"line":105,"column":62},"end":{"line":109,"column":5}},"line":105},"10":{"name":"(anonymous_10)","decl":{"start":{"line":111,"column":21},"end":{"line":111,"column":22}},"loc":{"start":{"line":111,"column":45},"end":{"line":117,"column":null}},"line":111},"11":{"name":"(anonymous_11)","decl":{"start":{"line":121,"column":19},"end":{"line":121,"column":26}},"loc":{"start":{"line":121,"column":52},"end":{"line":129,"column":null}},"line":121},"12":{"name":"(anonymous_12)","decl":{"start":{"line":131,"column":23},"end":{"line":131,"column":29}},"loc":{"start":{"line":131,"column":29},"end":{"line":142,"column":null}},"line":131},"13":{"name":"(anonymous_13)","decl":{"start":{"line":152,"column":13},"end":{"line":152,"column":14}},"loc":{"start":{"line":152,"column":20},"end":{"line":152,"column":24}},"line":152},"14":{"name":"(anonymous_14)","decl":{"start":{"line":171,"column":51},"end":{"line":171,"column":57}},"loc":{"start":{"line":171,"column":57},"end":{"line":171,"column":null}},"line":171},"15":{"name":"(anonymous_15)","decl":{"start":{"line":211,"column":23},"end":{"line":211,"column":29}},"loc":{"start":{"line":211,"column":29},"end":{"line":211,"column":null}},"line":211},"16":{"name":"(anonymous_16)","decl":{"start":{"line":223,"column":20},"end":{"line":223,"column":21}},"loc":{"start":{"line":224,"column":10},"end":{"line":236,"column":null}},"line":224}},"branchMap":{"0":{"loc":{"start":{"line":49,"column":4},"end":{"line":56,"column":null}},"type":"if","locations":[{"start":{"line":49,"column":4},"end":{"line":56,"column":null}},{"start":{},"end":{}}],"line":49},"1":{"loc":{"start":{"line":51,"column":18},"end":{"line":51,"column":null}},"type":"binary-expr","locations":[{"start":{"line":51,"column":18},"end":{"line":51,"column":42}},{"start":{"line":51,"column":42},"end":{"line":51,"column":null}}],"line":51},"2":{"loc":{"start":{"line":52,"column":18},"end":{"line":52,"column":null}},"type":"binary-expr","locations":[{"start":{"line":52,"column":18},"end":{"line":52,"column":42}},{"start":{"line":52,"column":42},"end":{"line":52,"column":null}}],"line":52},"3":{"loc":{"start":{"line":53,"column":15},"end":{"line":53,"column":null}},"type":"binary-expr","locations":[{"start":{"line":53,"column":15},"end":{"line":53,"column":36}},{"start":{"line":53,"column":36},"end":{"line":53,"column":null}}],"line":53},"4":{"loc":{"start":{"line":55,"column":20},"end":{"line":55,"column":49}},"type":"binary-expr","locations":[{"start":{"line":55,"column":20},"end":{"line":55,"column":45}},{"start":{"line":55,"column":45},"end":{"line":55,"column":49}}],"line":55},"5":{"loc":{"start":{"line":60,"column":4},"end":{"line":63,"column":null}},"type":"if","locations":[{"start":{"line":60,"column":4},"end":{"line":63,"column":null}},{"start":{},"end":{}}],"line":60},"6":{"loc":{"start":{"line":64,"column":4},"end":{"line":67,"column":null}},"type":"if","locations":[{"start":{"line":64,"column":4},"end":{"line":67,"column":null}},{"start":{},"end":{}}],"line":64},"7":{"loc":{"start":{"line":72,"column":4},"end":{"line":72,"column":null}},"type":"if","locations":[{"start":{"line":72,"column":4},"end":{"line":72,"column":null}},{"start":{},"end":{}}],"line":72},"8":{"loc":{"start":{"line":85,"column":20},"end":{"line":85,"column":50}},"type":"binary-expr","locations":[{"start":{"line":85,"column":20},"end":{"line":85,"column":46}},{"start":{"line":85,"column":46},"end":{"line":85,"column":50}}],"line":85},"9":{"loc":{"start":{"line":86,"column":18},"end":{"line":86,"column":61}},"type":"binary-expr","locations":[{"start":{"line":86,"column":18},"end":{"line":86,"column":27}},{"start":{"line":86,"column":27},"end":{"line":86,"column":61}}],"line":86},"10":{"loc":{"start":{"line":94,"column":4},"end":{"line":94,"column":null}},"type":"if","locations":[{"start":{"line":94,"column":4},"end":{"line":94,"column":null}},{"start":{},"end":{}}],"line":94},"11":{"loc":{"start":{"line":116,"column":4},"end":{"line":116,"column":null}},"type":"if","locations":[{"start":{"line":116,"column":4},"end":{"line":116,"column":null}},{"start":{},"end":{}}],"line":116},"12":{"loc":{"start":{"line":127,"column":18},"end":{"line":127,"column":53}},"type":"binary-expr","locations":[{"start":{"line":127,"column":18},"end":{"line":127,"column":27}},{"start":{"line":127,"column":27},"end":{"line":127,"column":53}}],"line":127},"13":{"loc":{"start":{"line":132,"column":4},"end":{"line":132,"column":null}},"type":"if","locations":[{"start":{"line":132,"column":4},"end":{"line":132,"column":null}},{"start":{},"end":{}}],"line":132},"14":{"loc":{"start":{"line":134,"column":4},"end":{"line":141,"column":null}},"type":"if","locations":[{"start":{"line":134,"column":4},"end":{"line":141,"column":null}},{"start":{},"end":{}}],"line":134},"15":{"loc":{"start":{"line":136,"column":18},"end":{"line":136,"column":null}},"type":"binary-expr","locations":[{"start":{"line":136,"column":18},"end":{"line":136,"column":42}},{"start":{"line":136,"column":42},"end":{"line":136,"column":null}}],"line":136},"16":{"loc":{"start":{"line":137,"column":18},"end":{"line":137,"column":null}},"type":"binary-expr","locations":[{"start":{"line":137,"column":18},"end":{"line":137,"column":42}},{"start":{"line":137,"column":42},"end":{"line":137,"column":null}}],"line":137},"17":{"loc":{"start":{"line":138,"column":15},"end":{"line":138,"column":null}},"type":"binary-expr","locations":[{"start":{"line":138,"column":15},"end":{"line":138,"column":36}},{"start":{"line":138,"column":36},"end":{"line":138,"column":null}}],"line":138},"18":{"loc":{"start":{"line":149,"column":19},"end":{"line":156,"column":null}},"type":"cond-expr","locations":[{"start":{"line":150,"column":6},"end":{"line":155,"column":null}},{"start":{"line":156,"column":6},"end":{"line":156,"column":null}}],"line":149},"19":{"loc":{"start":{"line":156,"column":6},"end":{"line":156,"column":null}},"type":"binary-expr","locations":[{"start":{"line":156,"column":6},"end":{"line":156,"column":51}},{"start":{"line":156,"column":51},"end":{"line":156,"column":null}}],"line":156},"20":{"loc":{"start":{"line":165,"column":46},"end":{"line":165,"column":74}},"type":"cond-expr","locations":[{"start":{"line":165,"column":59},"end":{"line":165,"column":72}},{"start":{"line":165,"column":72},"end":{"line":165,"column":74}}],"line":165},"21":{"loc":{"start":{"line":172,"column":13},"end":{"line":175,"column":null}},"type":"binary-expr","locations":[{"start":{"line":172,"column":13},"end":{"line":172,"column":null}},{"start":{"line":173,"column":14},"end":{"line":175,"column":null}}],"line":172},"22":{"loc":{"start":{"line":177,"column":13},"end":{"line":186,"column":null}},"type":"cond-expr","locations":[{"start":{"line":178,"column":14},"end":{"line":178,"column":null}},{"start":{"line":180,"column":14},"end":{"line":186,"column":null}}],"line":177},"23":{"loc":{"start":{"line":181,"column":17},"end":{"line":184,"column":null}},"type":"cond-expr","locations":[{"start":{"line":182,"column":18},"end":{"line":182,"column":null}},{"start":{"line":184,"column":18},"end":{"line":184,"column":null}}],"line":181},"24":{"loc":{"start":{"line":214,"column":28},"end":{"line":214,"column":null}},"type":"cond-expr","locations":[{"start":{"line":214,"column":46},"end":{"line":214,"column":63}},{"start":{"line":214,"column":63},"end":{"line":214,"column":null}}],"line":214},"25":{"loc":{"start":{"line":232,"column":15},"end":{"line":233,"column":null}},"type":"binary-expr","locations":[{"start":{"line":232,"column":15},"end":{"line":232,"column":null}},{"start":{"line":233,"column":16},"end":{"line":233,"column":null}}],"line":232},"26":{"loc":{"start":{"line":243,"column":9},"end":{"line":244,"column":null}},"type":"binary-expr","locations":[{"start":{"line":243,"column":9},"end":{"line":243,"column":null}},{"start":{"line":244,"column":10},"end":{"line":244,"column":null}}],"line":243}},"s":{"0":1,"1":1,"2":0,"3":0,"4":0,"5":0,"6":0,"7":0,"8":0,"9":0,"10":0,"11":0,"12":0,"13":0,"14":0,"15":0,"16":0,"17":0,"18":0,"19":0,"20":0,"21":0,"22":0,"23":0,"24":0,"25":0,"26":0,"27":0,"28":0,"29":0,"30":0,"31":0,"32":0,"33":0,"34":0,"35":0,"36":0,"37":0,"38":0,"39":0,"40":0,"41":0,"42":0,"43":0,"44":0,"45":0,"46":0,"47":0,"48":0,"49":0,"50":0,"51":0,"52":0,"53":0,"54":0,"55":0,"56":0,"57":0,"58":0,"59":0,"60":0,"61":0,"62":0,"63":0,"64":0,"65":0,"66":0,"67":0,"68":0,"69":0,"70":0,"71":0,"72":0,"73":0,"74":0},"f":{"0":0,"1":0,"2":0,"3":0,"4":0,"5":0,"6":0,"7":0,"8":0,"9":0,"10":0,"11":0,"12":0,"13":0,"14":0,"15":0,"16":0},"b":{"0":[0,0],"1":[0,0],"2":[0,0],"3":[0,0],"4":[0,0],"5":[0,0],"6":[0,0],"7":[0,0],"8":[0,0],"9":[0,0],"10":[0,0],"11":[0,0],"12":[0,0],"13":[0,0],"14":[0,0],"15":[0,0],"16":[0,0],"17":[0,0],"18":[0,0],"19":[0,0],"20":[0,0],"21":[0,0],"22":[0,0],"23":[0,0],"24":[0,0],"25":[0,0],"26":[0,0]},"meta":{"lastBranch":27,"lastFunction":17,"lastStatement":75,"seen":{"s:14:22:14:Infinity":0,"s:15:23:15:Infinity":1,"f:17:9:17:23":0,"s:18:8:18:Infinity":2,"s:19:55:19:Infinity":3,"f:19:74:19:75":1,"s:19:85:19:98":4,"s:20:8:20:Infinity":5,"s:21:34:21:Infinity":6,"s:22:34:22:Infinity":7,"s:29:2:36:Infinity":8,"s:39:2:45:Infinity":9,"f:39:12:39:18":2,"s:40:4:40:Infinity":10,"s:42:4:44:Infinity":11,"f:42:11:42:17":3,"s:43:6:43:Infinity":12,"s:48:2:57:Infinity":13,"f:48:12:48:18":4,"b:49:4:56:Infinity:undefined:undefined:undefined:undefined":0,"s:49:4:56:Infinity":14,"s:50:6:54:Infinity":15,"b:51:18:51:42:51:42:51:Infinity":1,"b:52:18:52:42:52:42:52:Infinity":2,"b:53:15:53:36:53:36:53:Infinity":3,"s:55:6:55:Infinity":16,"b:55:20:55:45:55:45:55:49":4,"s:59:23:69:Infinity":17,"f:59:23:59:24":5,"b:60:4:63:Infinity:undefined:undefined:undefined:undefined":5,"s:60:4:63:Infinity":18,"s:61:6:61:Infinity":19,"s:62:6:62:Infinity":20,"b:64:4:67:Infinity:undefined:undefined:undefined:undefined":6,"s:64:4:67:Infinity":21,"s:65:6:65:Infinity":22,"s:66:6:66:Infinity":23,"s:68:4:68:Infinity":24,"s:71:29:90:Infinity":25,"f:71:29:71:36":6,"b:72:4:72:Infinity:undefined:undefined:undefined:undefined":7,"s:72:4:72:Infinity":26,"s:72:29:72:Infinity":27,"s:75:25:75:Infinity":28,"s:76:4:76:Infinity":29,"s:78:4:89:Infinity":30,"s:79:27:79:Infinity":31,"s:80:6:80:Infinity":32,"s:81:6:81:Infinity":33,"s:85:6:85:Infinity":34,"b:85:20:85:46:85:46:85:50":8,"s:86:6:86:Infinity":35,"b:86:18:86:27:86:27:86:61":9,"s:88:6:88:Infinity":36,"s:92:27:97:Infinity":37,"f:92:27:92:28":7,"s:93:17:93:Infinity":38,"b:94:4:94:Infinity:undefined:undefined:undefined:undefined":10,"s:94:4:94:Infinity":39,"s:94:14:94:Infinity":40,"s:96:4:96:Infinity":41,"s:99:8:103:Infinity":42,"f:99:37:99:38":8,"s:100:4:100:Infinity":43,"s:101:4:101:Infinity":44,"s:102:4:102:Infinity":45,"s:105:8:109:Infinity":46,"f:105:38:105:39":9,"s:106:4:106:Infinity":47,"s:107:4:107:Infinity":48,"s:108:4:108:Infinity":49,"s:111:21:117:Infinity":50,"f:111:21:111:22":10,"s:112:4:112:Infinity":51,"s:113:4:113:Infinity":52,"s:114:4:114:Infinity":53,"s:115:17:115:Infinity":54,"b:116:4:116:Infinity:undefined:undefined:undefined:undefined":11,"s:116:4:116:Infinity":55,"s:116:14:116:Infinity":56,"s:121:19:129:Infinity":57,"f:121:19:121:26":11,"s:122:4:128:Infinity":58,"s:123:6:123:Infinity":59,"s:124:6:124:Infinity":60,"s:127:6:127:Infinity":61,"b:127:18:127:27:127:27:127:53":12,"s:131:23:142:Infinity":62,"f:131:23:131:29":12,"b:132:4:132:Infinity:undefined:undefined:undefined:undefined":13,"s:132:4:132:Infinity":63,"s:132:18:132:Infinity":64,"b:134:4:141:Infinity:undefined:undefined:undefined:undefined":14,"s:134:4:141:Infinity":65,"s:135:6:139:Infinity":66,"b:136:18:136:42:136:42:136:Infinity":15,"b:137:18:137:42:137:42:137:Infinity":16,"b:138:15:138:36:138:36:138:Infinity":17,"s:140:6:140:Infinity":67,"s:144:17:147:Infinity":68,"s:149:19:156:Infinity":69,"b:150:6:155:Infinity:156:6:156:Infinity":18,"f:152:13:152:14":13,"s:152:20:152:24":70,"b:156:6:156:51:156:51:156:Infinity":19,"s:160:2:254:Infinity":71,"b:165:59:165:72:165:72:165:74":20,"f:171:51:171:57":14,"s:171:57:171:Infinity":72,"b:172:13:172:Infinity:173:14:175:Infinity":21,"b:178:14:178:Infinity:180:14:186:Infinity":22,"b:182:18:182:Infinity:184:18:184:Infinity":23,"f:211:23:211:29":15,"s:211:29:211:Infinity":73,"b:214:46:214:63:214:63:214:Infinity":24,"f:223:20:223:21":16,"s:224:10:236:Infinity":74,"b:232:15:232:Infinity:233:16:233:Infinity":25,"b:243:9:243:Infinity:244:10:244:Infinity":26}}}
,"C:\\Users\\mahmo\\OneDrive\\Desktop\\ReactProjects\\BlogApp\\BlogApp.React\\src\\components\\common\\EmptyState.tsx": {"path":"C:\\Users\\mahmo\\OneDrive\\Desktop\\ReactProjects\\BlogApp\\BlogApp.React\\src\\components\\common\\EmptyState.tsx","statementMap":{"0":{"start":{"line":19,"column":2},"end":{"line":47,"column":null}}},"fnMap":{"0":{"name":"EmptyState","decl":{"start":{"line":13,"column":24},"end":{"line":13,"column":35}},"loc":{"start":{"line":18,"column":20},"end":{"line":49,"column":null}},"line":18}},"branchMap":{"0":{"loc":{"start":{"line":21,"column":7},"end":{"line":33,"column":null}},"type":"cond-expr","locations":[{"start":{"line":22,"column":8},"end":{"line":22,"column":null}},{"start":{"line":25,"column":8},"end":{"line":33,"column":null}}],"line":21},"1":{"loc":{"start":{"line":39,"column":7},"end":{"line":45,"column":null}},"type":"binary-expr","locations":[{"start":{"line":39,"column":7},"end":{"line":39,"column":null}},{"start":{"line":40,"column":8},"end":{"line":45,"column":null}}],"line":39}},"s":{"0":30},"f":{"0":30},"b":{"0":[0,30],"1":[30,0]},"meta":{"lastBranch":2,"lastFunction":1,"lastStatement":1,"seen":{"f:13:24:13:35":0,"s:19:2:47:Infinity":0,"b:22:8:22:Infinity:25:8:33:Infinity":0,"b:39:7:39:Infinity:40:8:45:Infinity":1}}}
,"C:\\Users\\mahmo\\OneDrive\\Desktop\\ReactProjects\\BlogApp\\BlogApp.React\\src\\components\\common\\ErrorAlert.tsx": {"path":"C:\\Users\\mahmo\\OneDrive\\Desktop\\ReactProjects\\BlogApp\\BlogApp.React\\src\\components\\common\\ErrorAlert.tsx","statementMap":{"0":{"start":{"line":15,"column":2},"end":{"line":59,"column":null}}},"fnMap":{"0":{"name":"ErrorAlert","decl":{"start":{"line":9,"column":24},"end":{"line":9,"column":35}},"loc":{"start":{"line":14,"column":20},"end":{"line":61,"column":null}},"line":14}},"branchMap":{"0":{"loc":{"start":{"line":12,"column":2},"end":{"line":12,"column":null}},"type":"default-arg","locations":[{"start":{"line":12,"column":16},"end":{"line":12,"column":null}}],"line":12},"1":{"loc":{"start":{"line":35,"column":11},"end":{"line":45,"column":null}},"type":"binary-expr","locations":[{"start":{"line":35,"column":11},"end":{"line":35,"column":null}},{"start":{"line":36,"column":12},"end":{"line":45,"column":null}}],"line":35},"2":{"loc":{"start":{"line":50,"column":9},"end":{"line":56,"column":null}},"type":"binary-expr","locations":[{"start":{"line":50,"column":9},"end":{"line":50,"column":24}},{"start":{"line":50,"column":24},"end":{"line":50,"column":null}},{"start":{"line":51,"column":10},"end":{"line":56,"column":null}}],"line":50}},"s":{"0":2},"f":{"0":2},"b":{"0":[2],"1":[2,2],"2":[2,0,0]},"meta":{"lastBranch":3,"lastFunction":1,"lastStatement":1,"seen":{"f:9:24:9:35":0,"b:12:16:12:Infinity":0,"s:15:2:59:Infinity":0,"b:35:11:35:Infinity:36:12:45:Infinity":1,"b:50:9:50:24:50:24:50:Infinity:51:10:56:Infinity":2}}}
,"C:\\Users\\mahmo\\OneDrive\\Desktop\\ReactProjects\\BlogApp\\BlogApp.React\\src\\components\\common\\PasswordToggleButton.tsx": {"path":"C:\\Users\\mahmo\\OneDrive\\Desktop\\ReactProjects\\BlogApp\\BlogApp.React\\src\\components\\common\\PasswordToggleButton.tsx","statementMap":{"0":{"start":{"line":10,"column":66},"end":{"line":28,"column":null}},"1":{"start":{"line":14,"column":2},"end":{"line":26,"column":null}}},"fnMap":{"0":{"name":"(anonymous_0)","decl":{"start":{"line":10,"column":66},"end":{"line":10,"column":67}},"loc":{"start":{"line":13,"column":6},"end":{"line":28,"column":null}},"line":13}},"branchMap":{"0":{"loc":{"start":{"line":21,"column":7},"end":{"line":24,"column":null}},"type":"cond-expr","locations":[{"start":{"line":22,"column":8},"end":{"line":22,"column":null}},{"start":{"line":24,"column":8},"end":{"line":24,"column":null}}],"line":21}},"s":{"0":3,"1":17},"f":{"0":17},"b":{"0":[0,17]},"meta":{"lastBranch":1,"lastFunction":1,"lastStatement":2,"seen":{"s:10:66:28:Infinity":0,"f:10:66:10:67":0,"s:14:2:26:Infinity":1,"b:22:8:22:Infinity:24:8:24:Infinity":0}}}
,"C:\\Users\\mahmo\\OneDrive\\Desktop\\ReactProjects\\BlogApp\\BlogApp.React\\src\\components\\common\\SaveCancelButton.tsx": {"path":"C:\\Users\\mahmo\\OneDrive\\Desktop\\ReactProjects\\BlogApp\\BlogApp.React\\src\\components\\common\\SaveCancelButton.tsx","statementMap":{"0":{"start":{"line":18,"column":2},"end":{"line":38,"column":null}}},"fnMap":{"0":{"name":"SaveCancelButton","decl":{"start":{"line":11,"column":9},"end":{"line":11,"column":26}},"loc":{"start":{"line":17,"column":26},"end":{"line":40,"column":null}},"line":17}},"branchMap":{"0":{"loc":{"start":{"line":14,"column":2},"end":{"line":14,"column":null}},"type":"default-arg","locations":[{"start":{"line":14,"column":14},"end":{"line":14,"column":null}}],"line":14},"1":{"loc":{"start":{"line":15,"column":2},"end":{"line":15,"column":null}},"type":"default-arg","locations":[{"start":{"line":15,"column":15},"end":{"line":15,"column":null}}],"line":15},"2":{"loc":{"start":{"line":16,"column":2},"end":{"line":16,"column":null}},"type":"default-arg","locations":[{"start":{"line":16,"column":13},"end":{"line":16,"column":null}}],"line":16},"3":{"loc":{"start":{"line":36,"column":9},"end":{"line":36,"column":null}},"type":"cond-expr","locations":[{"start":{"line":36,"column":21},"end":{"line":36,"column":35}},{"start":{"line":36,"column":35},"end":{"line":36,"column":null}}],"line":36}},"s":{"0":0},"f":{"0":0},"b":{"0":[0],"1":[0],"2":[0],"3":[0,0]},"meta":{"lastBranch":4,"lastFunction":1,"lastStatement":1,"seen":{"f:11:9:11:26":0,"b:14:14:14:Infinity":0,"b:15:15:15:Infinity":1,"b:16:13:16:Infinity":2,"s:18:2:38:Infinity":0,"b:36:21:36:35:36:35:36:Infinity":3}}}
,"C:\\Users\\mahmo\\OneDrive\\Desktop\\ReactProjects\\BlogApp\\BlogApp.React\\src\\components\\skeletons\\PostCardSkeleton.tsx": {"path":"C:\\Users\\mahmo\\OneDrive\\Desktop\\ReactProjects\\BlogApp\\BlogApp.React\\src\\components\\skeletons\\PostCardSkeleton.tsx","statementMap":{"0":{"start":{"line":5,"column":2},"end":{"line":33,"column":null}}},"fnMap":{"0":{"name":"PostCardSkeleton","decl":{"start":{"line":4,"column":24},"end":{"line":4,"column":43}},"loc":{"start":{"line":4,"column":43},"end":{"line":35,"column":null}},"line":4}},"branchMap":{},"s":{"0":72},"f":{"0":72},"b":{},"meta":{"lastBranch":0,"lastFunction":1,"lastStatement":1,"seen":{"f:4:24:4:43":0,"s:5:2:33:Infinity":0}}}
,"C:\\Users\\mahmo\\OneDrive\\Desktop\\ReactProjects\\BlogApp\\BlogApp.React\\src\\components\\skeletons\\TagsSkeleton.tsx": {"path":"C:\\Users\\mahmo\\OneDrive\\Desktop\\ReactProjects\\BlogApp\\BlogApp.React\\src\\components\\skeletons\\TagsSkeleton.tsx","statementMap":{"0":{"start":{"line":10,"column":2},"end":{"line":21,"column":null}},"1":{"start":{"line":13,"column":8},"end":{"line":19,"column":null}}},"fnMap":{"0":{"name":"TagsSkeleton","decl":{"start":{"line":9,"column":24},"end":{"line":9,"column":37}},"loc":{"start":{"line":9,"column":71},"end":{"line":23,"column":null}},"line":9},"1":{"name":"(anonymous_1)","decl":{"start":{"line":12,"column":41},"end":{"line":12,"column":42}},"loc":{"start":{"line":13,"column":8},"end":{"line":19,"column":null}},"line":13}},"branchMap":{"0":{"loc":{"start":{"line":9,"column":39},"end":{"line":9,"column":49}},"type":"default-arg","locations":[{"start":{"line":9,"column":47},"end":{"line":9,"column":49}}],"line":9}},"s":{"0":22,"1":176},"f":{"0":22,"1":176},"b":{"0":[22]},"meta":{"lastBranch":1,"lastFunction":2,"lastStatement":2,"seen":{"f:9:24:9:37":0,"b:9:47:9:49":0,"s:10:2:21:Infinity":0,"f:12:41:12:42":1,"s:13:8:19:Infinity":1}}}
,"C:\\Users\\mahmo\\OneDrive\\Desktop\\ReactProjects\\BlogApp\\BlogApp.React\\src\\constants\\apiEndpoints.ts": {"path":"C:\\Users\\mahmo\\OneDrive\\Desktop\\ReactProjects\\BlogApp\\BlogApp.React\\src\\constants\\apiEndpoints.ts","statementMap":{"0":{"start":{"line":2,"column":29},"end":{"line":36,"column":null}},"1":{"start":{"line":12,"column":31},"end":{"line":12,"column":null}},"2":{"start":{"line":15,"column":28},"end":{"line":15,"column":null}},"3":{"start":{"line":19,"column":31},"end":{"line":19,"column":null}},"4":{"start":{"line":22,"column":28},"end":{"line":22,"column":null}},"5":{"start":{"line":25,"column":37},"end":{"line":25,"column":null}},"6":{"start":{"line":28,"column":28},"end":{"line":28,"column":null}}},"fnMap":{"0":{"name":"(anonymous_0)","decl":{"start":{"line":12,"column":15},"end":{"line":12,"column":16}},"loc":{"start":{"line":12,"column":31},"end":{"line":12,"column":null}},"line":12},"1":{"name":"(anonymous_1)","decl":{"start":{"line":15,"column":12},"end":{"line":15,"column":13}},"loc":{"start":{"line":15,"column":28},"end":{"line":15,"column":null}},"line":15},"2":{"name":"(anonymous_2)","decl":{"start":{"line":19,"column":15},"end":{"line":19,"column":16}},"loc":{"start":{"line":19,"column":31},"end":{"line":19,"column":null}},"line":19},"3":{"name":"(anonymous_3)","decl":{"start":{"line":22,"column":12},"end":{"line":22,"column":13}},"loc":{"start":{"line":22,"column":28},"end":{"line":22,"column":null}},"line":22},"4":{"name":"(anonymous_4)","decl":{"start":{"line":25,"column":17},"end":{"line":25,"column":18}},"loc":{"start":{"line":25,"column":37},"end":{"line":25,"column":null}},"line":25},"5":{"name":"(anonymous_5)","decl":{"start":{"line":28,"column":12},"end":{"line":28,"column":13}},"loc":{"start":{"line":28,"column":28},"end":{"line":28,"column":null}},"line":28}},"branchMap":{},"s":{"0":6,"1":0,"2":0,"3":0,"4":0,"5":0,"6":0},"f":{"0":0,"1":0,"2":0,"3":0,"4":0,"5":0},"b":{},"meta":{"lastBranch":0,"lastFunction":6,"lastStatement":7,"seen":{"s:2:29:36:Infinity":0,"f:12:15:12:16":0,"s:12:31:12:Infinity":1,"f:15:12:15:13":1,"s:15:28:15:Infinity":2,"f:19:15:19:16":2,"s:19:31:19:Infinity":3,"f:22:12:22:13":3,"s:22:28:22:Infinity":4,"f:25:17:25:18":4,"s:25:37:25:Infinity":5,"f:28:12:28:13":5,"s:28:28:28:Infinity":6}}}
,"C:\\Users\\mahmo\\OneDrive\\Desktop\\ReactProjects\\BlogApp\\BlogApp.React\\src\\constants\\app.ts": {"path":"C:\\Users\\mahmo\\OneDrive\\Desktop\\ReactProjects\\BlogApp\\BlogApp.React\\src\\constants\\app.ts","statementMap":{"0":{"start":{"line":2,"column":26},"end":{"line":2,"column":null}}},"fnMap":{},"branchMap":{},"s":{"0":2},"f":{},"b":{},"meta":{"lastBranch":0,"lastFunction":0,"lastStatement":1,"seen":{"s:2:26:2:Infinity":0}}}
,"C:\\Users\\mahmo\\OneDrive\\Desktop\\ReactProjects\\BlogApp\\BlogApp.React\\src\\core\\protectedRoute.tsx": {"path":"C:\\Users\\mahmo\\OneDrive\\Desktop\\ReactProjects\\BlogApp\\BlogApp.React\\src\\core\\protectedRoute.tsx","statementMap":{"0":{"start":{"line":10,"column":10},"end":{"line":10,"column":null}},"1":{"start":{"line":10,"column":37},"end":{"line":10,"column":52}},"2":{"start":{"line":11,"column":4},"end":{"line":11,"column":null}},"3":{"start":{"line":11,"column":14},"end":{"line":11,"column":null}},"4":{"start":{"line":12,"column":4},"end":{"line":12,"column":null}},"5":{"start":{"line":12,"column":44},"end":{"line":12,"column":null}},"6":{"start":{"line":13,"column":4},"end":{"line":13,"column":null}}},"fnMap":{"0":{"name":"ProtectedRoute","decl":{"start":{"line":8,"column":24},"end":{"line":8,"column":39}},"loc":{"start":{"line":8,"column":94},"end":{"line":14,"column":null}},"line":8},"1":{"name":"(anonymous_1)","decl":{"start":{"line":10,"column":30},"end":{"line":10,"column":37}},"loc":{"start":{"line":10,"column":37},"end":{"line":10,"column":52}},"line":10}},"branchMap":{"0":{"loc":{"start":{"line":11,"column":4},"end":{"line":11,"column":null}},"type":"if","locations":[{"start":{"line":11,"column":4},"end":{"line":11,"column":null}},{"start":{},"end":{}}],"line":11},"1":{"loc":{"start":{"line":12,"column":4},"end":{"line":12,"column":null}},"type":"if","locations":[{"start":{"line":12,"column":4},"end":{"line":12,"column":null}},{"start":{},"end":{}}],"line":12},"2":{"loc":{"start":{"line":12,"column":7},"end":{"line":12,"column":44}},"type":"binary-expr","locations":[{"start":{"line":12,"column":7},"end":{"line":12,"column":16}},{"start":{"line":12,"column":16},"end":{"line":12,"column":44}}],"line":12}},"s":{"0":0,"1":0,"2":0,"3":0,"4":0,"5":0,"6":0},"f":{"0":0,"1":0},"b":{"0":[0,0],"1":[0,0],"2":[0,0]},"meta":{"lastBranch":3,"lastFunction":2,"lastStatement":7,"seen":{"f:8:24:8:39":0,"s:10:10:10:Infinity":0,"f:10:30:10:37":1,"s:10:37:10:52":1,"b:11:4:11:Infinity:undefined:undefined:undefined:undefined":0,"s:11:4:11:Infinity":2,"s:11:14:11:Infinity":3,"b:12:4:12:Infinity:undefined:undefined:undefined:undefined":1,"s:12:4:12:Infinity":4,"b:12:7:12:16:12:16:12:44":2,"s:12:44:12:Infinity":5,"s:13:4:13:Infinity":6}}}
,"C:\\Users\\mahmo\\OneDrive\\Desktop\\ReactProjects\\BlogApp\\BlogApp.React\\src\\features\\auth\\Login.tsx": {"path":"C:\\Users\\mahmo\\OneDrive\\Desktop\\ReactProjects\\BlogApp\\BlogApp.React\\src\\features\\auth\\Login.tsx","statementMap":{"0":{"start":{"line":11,"column":38},"end":{"line":11,"column":null}},"1":{"start":{"line":12,"column":8},"end":{"line":12,"column":null}},"2":{"start":{"line":13,"column":13},"end":{"line":13,"column":null}},"3":{"start":{"line":13,"column":39},"end":{"line":13,"column":49}},"4":{"start":{"line":14,"column":62},"end":{"line":16,"column":null}},"5":{"start":{"line":17,"column":17},"end":{"line":19,"column":null}},"6":{"start":{"line":18,"column":6},"end":{"line":18,"column":null}},"7":{"start":{"line":20,"column":4},"end":{"line":20,"column":null}},"8":{"start":{"line":20,"column":13},"end":{"line":20,"column":null}},"9":{"start":{"line":21,"column":2},"end":{"line":56,"column":null}},"10":{"start":{"line":45,"column":32},"end":{"line":45,"column":null}}},"fnMap":{"0":{"name":"Login","decl":{"start":{"line":10,"column":9},"end":{"line":10,"column":17}},"loc":{"start":{"line":10,"column":17},"end":{"line":58,"column":null}},"line":10},"1":{"name":"(anonymous_1)","decl":{"start":{"line":13,"column":31},"end":{"line":13,"column":39}},"loc":{"start":{"line":13,"column":39},"end":{"line":13,"column":49}},"line":13},"2":{"name":"(anonymous_2)","decl":{"start":{"line":17,"column":17},"end":{"line":17,"column":18}},"loc":{"start":{"line":17,"column":39},"end":{"line":19,"column":null}},"line":17},"3":{"name":"(anonymous_3)","decl":{"start":{"line":45,"column":26},"end":{"line":45,"column":32}},"loc":{"start":{"line":45,"column":32},"end":{"line":45,"column":null}},"line":45}},"branchMap":{"0":{"loc":{"start":{"line":20,"column":4},"end":{"line":20,"column":null}},"type":"if","locations":[{"start":{"line":20,"column":4},"end":{"line":20,"column":null}},{"start":{},"end":{}}],"line":20},"1":{"loc":{"start":{"line":32,"column":13},"end":{"line":32,"column":null}},"type":"binary-expr","locations":[{"start":{"line":32,"column":13},"end":{"line":32,"column":29}},{"start":{"line":32,"column":29},"end":{"line":32,"column":null}}],"line":32},"2":{"loc":{"start":{"line":38,"column":22},"end":{"line":38,"column":null}},"type":"cond-expr","locations":[{"start":{"line":38,"column":37},"end":{"line":38,"column":46}},{"start":{"line":38,"column":46},"end":{"line":38,"column":null}}],"line":38},"3":{"loc":{"start":{"line":48,"column":14},"end":{"line":48,"column":null}},"type":"binary-expr","locations":[{"start":{"line":48,"column":14},"end":{"line":48,"column":33}},{"start":{"line":48,"column":33},"end":{"line":48,"column":null}}],"line":48}},"s":{"0":9,"1":9,"2":9,"3":13,"4":9,"5":9,"6":1,"7":9,"8":0,"9":9,"10":0},"f":{"0":9,"1":13,"2":1,"3":0},"b":{"0":[0,9],"1":[9,0],"2":[0,9],"3":[9,0]},"meta":{"lastBranch":4,"lastFunction":4,"lastStatement":11,"seen":{"f:10:9:10:17":0,"s:11:38:11:Infinity":0,"s:12:8:12:Infinity":1,"s:13:13:13:Infinity":2,"f:13:31:13:39":1,"s:13:39:13:49":3,"s:14:62:16:Infinity":4,"s:17:17:19:Infinity":5,"f:17:17:17:18":2,"s:18:6:18:Infinity":6,"b:20:4:20:Infinity:undefined:undefined:undefined:undefined":0,"s:20:4:20:Infinity":7,"s:20:13:20:Infinity":8,"s:21:2:56:Infinity":9,"b:32:13:32:29:32:29:32:Infinity":1,"b:38:37:38:46:38:46:38:Infinity":2,"f:45:26:45:32":3,"s:45:32:45:Infinity":10,"b:48:14:48:33:48:33:48:Infinity":3}}}
,"C:\\Users\\mahmo\\OneDrive\\Desktop\\ReactProjects\\BlogApp\\BlogApp.React\\src\\features\\auth\\Register.tsx": {"path":"C:\\Users\\mahmo\\OneDrive\\Desktop\\ReactProjects\\BlogApp\\BlogApp.React\\src\\features\\auth\\Register.tsx","statementMap":{"0":{"start":{"line":12,"column":15},"end":{"line":12,"column":null}},"1":{"start":{"line":12,"column":45},"end":{"line":12,"column":55}},"2":{"start":{"line":13,"column":8},"end":{"line":13,"column":null}},"3":{"start":{"line":14,"column":2},"end":{"line":18,"column":null}},"4":{"start":{"line":15,"column":4},"end":{"line":17,"column":null}},"5":{"start":{"line":16,"column":6},"end":{"line":16,"column":null}},"6":{"start":{"line":19,"column":8},"end":{"line":19,"column":null}},"7":{"start":{"line":21,"column":38},"end":{"line":21,"column":null}},"8":{"start":{"line":22,"column":52},"end":{"line":22,"column":null}},"9":{"start":{"line":28,"column":2},"end":{"line":33,"column":null}},"10":{"start":{"line":34,"column":19},"end":{"line":44,"column":null}},"11":{"start":{"line":35,"column":4},"end":{"line":43,"column":null}},"12":{"start":{"line":45,"column":2},"end":{"line":172,"column":null}},"13":{"start":{"line":104,"column":32},"end":{"line":104,"column":null}},"14":{"start":{"line":122,"column":32},"end":{"line":122,"column":null}}},"fnMap":{"0":{"name":"Register","decl":{"start":{"line":11,"column":9},"end":{"line":11,"column":20}},"loc":{"start":{"line":11,"column":20},"end":{"line":174,"column":null}},"line":11},"1":{"name":"(anonymous_1)","decl":{"start":{"line":12,"column":34},"end":{"line":12,"column":35}},"loc":{"start":{"line":12,"column":45},"end":{"line":12,"column":55}},"line":12},"2":{"name":"(anonymous_2)","decl":{"start":{"line":14,"column":12},"end":{"line":14,"column":18}},"loc":{"start":{"line":14,"column":18},"end":{"line":18,"column":5}},"line":14},"3":{"name":"(anonymous_3)","decl":{"start":{"line":34,"column":19},"end":{"line":34,"column":20}},"loc":{"start":{"line":34,"column":47},"end":{"line":44,"column":null}},"line":34},"4":{"name":"(anonymous_4)","decl":{"start":{"line":104,"column":26},"end":{"line":104,"column":32}},"loc":{"start":{"line":104,"column":32},"end":{"line":104,"column":null}},"line":104},"5":{"name":"(anonymous_5)","decl":{"start":{"line":122,"column":26},"end":{"line":122,"column":32}},"loc":{"start":{"line":122,"column":32},"end":{"line":122,"column":null}},"line":122}},"branchMap":{"0":{"loc":{"start":{"line":15,"column":4},"end":{"line":17,"column":null}},"type":"if","locations":[{"start":{"line":15,"column":4},"end":{"line":17,"column":null}},{"start":{},"end":{}}],"line":15},"1":{"loc":{"start":{"line":77,"column":13},"end":{"line":78,"column":null}},"type":"binary-expr","locations":[{"start":{"line":77,"column":13},"end":{"line":77,"column":null}},{"start":{"line":78,"column":14},"end":{"line":78,"column":null}}],"line":77},"2":{"loc":{"start":{"line":89,"column":13},"end":{"line":90,"column":null}},"type":"binary-expr","locations":[{"start":{"line":89,"column":13},"end":{"line":89,"column":null}},{"start":{"line":90,"column":14},"end":{"line":90,"column":null}}],"line":89},"3":{"loc":{"start":{"line":97,"column":22},"end":{"line":97,"column":null}},"type":"cond-expr","locations":[{"start":{"line":97,"column":37},"end":{"line":97,"column":46}},{"start":{"line":97,"column":46},"end":{"line":97,"column":null}}],"line":97},"4":{"loc":{"start":{"line":107,"column":13},"end":{"line":108,"column":null}},"type":"binary-expr","locations":[{"start":{"line":107,"column":13},"end":{"line":107,"column":null}},{"start":{"line":108,"column":14},"end":{"line":108,"column":null}}],"line":107},"5":{"loc":{"start":{"line":115,"column":22},"end":{"line":115,"column":null}},"type":"cond-expr","locations":[{"start":{"line":115,"column":44},"end":{"line":115,"column":53}},{"start":{"line":115,"column":53},"end":{"line":115,"column":null}}],"line":115},"6":{"loc":{"start":{"line":125,"column":13},"end":{"line":128,"column":null}},"type":"binary-expr","locations":[{"start":{"line":125,"column":13},"end":{"line":125,"column":null}},{"start":{"line":126,"column":14},"end":{"line":128,"column":null}}],"line":125},"7":{"loc":{"start":{"line":159,"column":13},"end":{"line":160,"column":null}},"type":"binary-expr","locations":[{"start":{"line":159,"column":13},"end":{"line":159,"column":null}},{"start":{"line":160,"column":14},"end":{"line":160,"column":null}}],"line":159}},"s":{"0":4,"1":6,"2":4,"3":4,"4":2,"5":0,"6":4,"7":4,"8":4,"9":4,"10":4,"11":0,"12":4,"13":0,"14":0},"f":{"0":4,"1":6,"2":2,"3":0,"4":0,"5":0},"b":{"0":[0,2],"1":[4,0],"2":[4,0],"3":[0,4],"4":[4,0],"5":[0,4],"6":[4,0],"7":[4,0]},"meta":{"lastBranch":8,"lastFunction":6,"lastStatement":15,"seen":{"f:11:9:11:20":0,"s:12:15:12:Infinity":0,"f:12:34:12:35":1,"s:12:45:12:55":1,"s:13:8:13:Infinity":2,"s:14:2:18:Infinity":3,"f:14:12:14:18":2,"b:15:4:17:Infinity:undefined:undefined:undefined:undefined":0,"s:15:4:17:Infinity":4,"s:16:6:16:Infinity":5,"s:19:8:19:Infinity":6,"s:21:38:21:Infinity":7,"s:22:52:22:Infinity":8,"s:28:2:33:Infinity":9,"s:34:19:44:Infinity":10,"f:34:19:34:20":3,"s:35:4:43:Infinity":11,"s:45:2:172:Infinity":12,"b:77:13:77:Infinity:78:14:78:Infinity":1,"b:89:13:89:Infinity:90:14:90:Infinity":2,"b:97:37:97:46:97:46:97:Infinity":3,"f:104:26:104:32":4,"s:104:32:104:Infinity":13,"b:107:13:107:Infinity:108:14:108:Infinity":4,"b:115:44:115:53:115:53:115:Infinity":5,"f:122:26:122:32":5,"s:122:32:122:Infinity":14,"b:125:13:125:Infinity:126:14:128:Infinity":6,"b:159:13:159:Infinity:160:14:160:Infinity":7}}}
,"C:\\Users\\mahmo\\OneDrive\\Desktop\\ReactProjects\\BlogApp\\BlogApp.React\\src\\features\\auth\\authSlice.ts": {"path":"C:\\Users\\mahmo\\OneDrive\\Desktop\\ReactProjects\\BlogApp\\BlogApp.React\\src\\features\\auth\\authSlice.ts","statementMap":{"0":{"start":{"line":15,"column":28},"end":{"line":19,"column":null}},"1":{"start":{"line":21,"column":16},"end":{"line":27,"column":null}},"2":{"start":{"line":21,"column":47},"end":{"line":27,"column":null}},"3":{"start":{"line":29,"column":13},"end":{"line":39,"column":null}},"4":{"start":{"line":30,"column":4},"end":{"line":38,"column":null}},"5":{"start":{"line":31,"column":8},"end":{"line":31,"column":null}},"6":{"start":{"line":36,"column":8},"end":{"line":36,"column":null}},"7":{"start":{"line":37,"column":8},"end":{"line":37,"column":null}},"8":{"start":{"line":41,"column":13},"end":{"line":50,"column":null}},"9":{"start":{"line":42,"column":4},"end":{"line":49,"column":null}},"10":{"start":{"line":43,"column":8},"end":{"line":43,"column":null}},"11":{"start":{"line":47,"column":10},"end":{"line":47,"column":null}},"12":{"start":{"line":48,"column":8},"end":{"line":48,"column":null}},"13":{"start":{"line":52,"column":13},"end":{"line":62,"column":null}},"14":{"start":{"line":53,"column":4},"end":{"line":61,"column":null}},"15":{"start":{"line":54,"column":8},"end":{"line":54,"column":null}},"16":{"start":{"line":55,"column":8},"end":{"line":55,"column":null}},"17":{"start":{"line":56,"column":8},"end":{"line":56,"column":null}},"18":{"start":{"line":59,"column":8},"end":{"line":59,"column":null}},"19":{"start":{"line":60,"column":8},"end":{"line":60,"column":null}},"20":{"start":{"line":64,"column":13},"end":{"line":74,"column":null}},"21":{"start":{"line":65,"column":4},"end":{"line":73,"column":null}},"22":{"start":{"line":66,"column":8},"end":{"line":66,"column":null}},"23":{"start":{"line":67,"column":8},"end":{"line":67,"column":null}},"24":{"start":{"line":68,"column":8},"end":{"line":68,"column":null}},"25":{"start":{"line":71,"column":8},"end":{"line":71,"column":null}},"26":{"start":{"line":72,"column":8},"end":{"line":72,"column":null}},"27":{"start":{"line":76,"column":7},"end":{"line":127,"column":null}},"28":{"start":{"line":81,"column":12},"end":{"line":81,"column":null}},"29":{"start":{"line":82,"column":12},"end":{"line":82,"column":null}},"30":{"start":{"line":83,"column":12},"end":{"line":83,"column":null}},"31":{"start":{"line":84,"column":12},"end":{"line":84,"column":null}},"32":{"start":{"line":87,"column":12},"end":{"line":90,"column":null}},"33":{"start":{"line":88,"column":16},"end":{"line":88,"column":null}},"34":{"start":{"line":89,"column":16},"end":{"line":89,"column":null}},"35":{"start":{"line":95,"column":8},"end":{"line":125,"column":null}},"36":{"start":{"line":96,"column":12},"end":{"line":96,"column":null}},"37":{"start":{"line":97,"column":12},"end":{"line":97,"column":null}},"38":
[...]
:34,"column":4},"end":{"line":40,"column":null}},{"start":{},"end":{}}],"line":34},"3":{"loc":{"start":{"line":34,"column":8},"end":{"line":34,"column":33}},"type":"binary-expr","locations":[{"start":{"line":34,"column":8},"end":{"line":34,"column":16}},{"start":{"line":34,"column":16},"end":{"line":34,"column":33}}],"line":34},"4":{"loc":{"start":{"line":36,"column":17},"end":{"line":36,"column":null}},"type":"binary-expr","locations":[{"start":{"line":36,"column":17},"end":{"line":36,"column":32}},{"start":{"line":36,"column":32},"end":{"line":36,"column":null}}],"line":36},"5":{"loc":{"start":{"line":46,"column":4},"end":{"line":50,"column":null}},"type":"if","locations":[{"start":{"line":46,"column":4},"end":{"line":50,"column":null}},{"start":{},"end":{}}],"line":46},"6":{"loc":{"start":{"line":53,"column":25},"end":{"line":56,"column":null}},"type":"binary-expr","locations":[{"start":{"line":53,"column":25},"end":{"line":53,"column":null}},{"start":{"line":55,"column":9},"end":{"line":55,"column":null}},{"start":{"line":56,"column":9},"end":{"line":56,"column":null}}],"line":53}},"s":{"0":6,"1":6,"2":25,"3":25,"4":0,"5":25,"6":0,"7":6,"8":23,"9":23,"10":0,"11":23,"12":1,"13":0,"14":0,"15":0,"16":1,"17":1},"f":{"0":25,"1":0,"2":23,"3":1},"b":{"0":[0,25],"1":[25,0],"2":[0,23],"3":[23,23],"4":[0,0],"5":[0,1],"6":[1,1,0]},"meta":{"lastBranch":7,"lastFunction":4,"lastStatement":18,"seen":{"s:5:29:11:Infinity":0,"s:14:0:25:Infinity":1,"f:15:2:15:3":0,"s:16:18:16:Infinity":2,"b:17:4:19:Infinity:undefined:undefined:undefined:undefined":0,"s:17:4:19:Infinity":3,"b:17:8:17:17:17:17:17:33":1,"s:18:6:18:Infinity":4,"s:20:4:20:Infinity":5,"f:22:2:22:3":1,"s:23:4:23:Infinity":6,"s:28:0:65:Infinity":7,"f:29:2:29:3":2,"s:31:17:31:Infinity":8,"b:34:4:40:Infinity:undefined:undefined:undefined:undefined":2,"s:34:4:40:Infinity":9,"b:34:8:34:16:34:16:34:33":3,"s:35:6:39:Infinity":10,"b:36:17:36:32:36:32:36:Infinity":4,"s:42:4:42:Infinity":11,"f:44:2:44:3":3,"b:46:4:50:Infinity:undefined:undefined:undefined:undefined":5,"s:46:4:50:Infinity":12,"s:47:6:47:Infinity":13,"s:48:6:48:Infinity":14,"s:49:6:49:Infinity":15,"s:53:25:56:Infinity":16,"b:53:25:53:Infinity:55:9:55:Infinity:56:9:56:Infinity":6,"s:58:4:63:Infinity":17}}}
,"C:\\Users\\mahmo\\OneDrive\\Desktop\\ReactProjects\\BlogApp\\BlogApp.React\\src\\styles\\Footer.css": {"path":"C:\\Users\\mahmo\\OneDrive\\Desktop\\ReactProjects\\BlogApp\\BlogApp.React\\src\\styles\\Footer.css","statementMap":{},"fnMap":{},"branchMap":{},"s":{},"f":{},"b":{},"meta":{"lastBranch":0,"lastFunction":0,"lastStatement":0,"seen":{}}}
,"C:\\Users\\mahmo\\OneDrive\\Desktop\\ReactProjects\\BlogApp\\BlogApp.React\\src\\styles\\Navbar.css": {"path":"C:\\Users\\mahmo\\OneDrive\\Desktop\\ReactProjects\\BlogApp\\BlogApp.React\\src\\styles\\Navbar.css","statementMap":{},"fnMap":{},"branchMap":{},"s":{},"f":{},"b":{},"meta":{"lastBranch":0,"lastFunction":0,"lastStatement":0,"seen":{}}}
,"C:\\Users\\mahmo\\OneDrive\\Desktop\\ReactProjects\\BlogApp\\BlogApp.React\\src\\styles\\PasswordSettings.css": {"path":"C:\\Users\\mahmo\\OneDrive\\Desktop\\ReactProjects\\BlogApp\\BlogApp.React\\src\\styles\\PasswordSettings.css","statementMap":{},"fnMap":{},"branchMap":{},"s":{},"f":{},"b":{},"meta":{"lastBranch":0,"lastFunction":0,"lastStatement":0,"seen":{}}}
,"C:\\Users\\mahmo\\OneDrive\\Desktop\\ReactProjects\\BlogApp\\BlogApp.React\\src\\styles\\ProfileSettings.css": {"path":"C:\\Users\\mahmo\\OneDrive\\Desktop\\ReactProjects\\BlogApp\\BlogApp.React\\src\\styles\\ProfileSettings.css","statementMap":{},"fnMap":{},"branchMap":{},"s":{},"f":{},"b":{},"meta":{"lastBranch":0,"lastFunction":0,"lastStatement":0,"seen":{}}}
,"C:\\Users\\mahmo\\OneDrive\\Desktop\\ReactProjects\\BlogApp\\BlogApp.React\\src\\styles\\Register.css": {"path":"C:\\Users\\mahmo\\OneDrive\\Desktop\\ReactProjects\\BlogApp\\BlogApp.React\\src\\styles\\Register.css","statementMap":{},"fnMap":{},"branchMap":{},"s":{},"f":{},"b":{},"meta":{"lastBranch":0,"lastFunction":0,"lastStatement":0,"seen":{}}}
,"C:\\Users\\mahmo\\OneDrive\\Desktop\\ReactProjects\\BlogApp\\BlogApp.React\\src\\styles\\Settings.css": {"path":"C:\\Users\\mahmo\\OneDrive\\Desktop\\ReactProjects\\BlogApp\\BlogApp.React\\src\\styles\\Settings.css","statementMap":{},"fnMap":{},"branchMap":{},"s":{},"f":{},"b":{},"meta":{"lastBranch":0,"lastFunction":0,"lastStatement":0,"seen":{}}}
,"C:\\Users\\mahmo\\OneDrive\\Desktop\\ReactProjects\\BlogApp\\BlogApp.React\\src\\styles\\global.css": {"path":"C:\\Users\\mahmo\\OneDrive\\Desktop\\ReactProjects\\BlogApp\\BlogApp.React\\src\\styles\\global.css","statementMap":{},"fnMap":{},"branchMap":{},"s":{},"f":{},"b":{},"meta":{"lastBranch":0,"lastFunction":0,"lastStatement":0,"seen":{}}}
,"C:\\Users\\mahmo\\OneDrive\\Desktop\\ReactProjects\\BlogApp\\BlogApp.React\\src\\types\\auth.ts": {"path":"C:\\Users\\mahmo\\OneDrive\\Desktop\\ReactProjects\\BlogApp\\BlogApp.React\\src\\types\\auth.ts","statementMap":{"0":{"start":{"line":22,"column":27},"end":{"line":25,"column":null}},"1":{"start":{"line":29,"column":30},"end":{"line":38,"column":null}},"2":{"start":{"line":35,"column":20},"end":{"line":35,"column":60}},"3":{"start":{"line":42,"column":36},"end":{"line":44,"column":null}},"4":{"start":{"line":48,"column":35},"end":{"line":54,"column":null}},"5":{"start":{"line":51,"column":20},"end":{"line":51,"column":63}}},"fnMap":{"0":{"name":"(anonymous_0)","decl":{"start":{"line":35,"column":10},"end":{"line":35,"column":11}},"loc":{"start":{"line":35,"column":20},"end":{"line":35,"column":60}},"line":35},"1":{"name":"(anonymous_1)","decl":{"start":{"line":51,"column":10},"end":{"line":51,"column":11}},"loc":{"start":{"line":51,"column":20},"end":{"line":51,"column":63}},"line":51}},"branchMap":{},"s":{"0":2,"1":2,"2":0,"3":2,"4":2,"5":0},"f":{"0":0,"1":0},"b":{},"meta":{"lastBranch":0,"lastFunction":2,"lastStatement":6,"seen":{"s:22:27:25:Infinity":0,"s:29:30:38:Infinity":1,"f:35:10:35:11":0,"s:35:20:35:60":2,"s:42:36:44:Infinity":3,"s:48:35:54:Infinity":4,"f:51:10:51:11":1,"s:51:20:51:63":5}}}
,"C:\\Users\\mahmo\\OneDrive\\Desktop\\ReactProjects\\BlogApp\\BlogApp.React\\src\\types\\profile.ts": {"path":"C:\\Users\\mahmo\\OneDrive\\Desktop\\ReactProjects\\BlogApp\\BlogApp.React\\src\\types\\profile.ts","statementMap":{"0":{"start":{"line":5,"column":29},"end":{"line":9,"column":null}},"1":{"start":{"line":18,"column":36},"end":{"line":25,"column":null}},"2":{"start":{"line":22,"column":20},"end":{"line":22,"column":66}}},"fnMap":{"0":{"name":"(anonymous_0)","decl":{"start":{"line":22,"column":10},"end":{"line":22,"column":11}},"loc":{"start":{"line":22,"column":20},"end":{"line":22,"column":66}},"line":22}},"branchMap":{},"s":{"0":1,"1":1,"2":0},"f":{"0":0},"b":{},"meta":{"lastBranch":0,"lastFunction":1,"lastStatement":3,"seen":{"s:5:29:9:Infinity":0,"s:18:36:25:Infinity":1,"f:22:10:22:11":0,"s:22:20:22:66":2}}}
,"C:\\Users\\mahmo\\OneDrive\\Desktop\\ReactProjects\\BlogApp\\BlogApp.React\\src\\utils\\confirmDialog.ts": {"path":"C:\\Users\\mahmo\\OneDrive\\Desktop\\ReactProjects\\BlogApp\\BlogApp.React\\src\\utils\\confirmDialog.ts","statementMap":{"0":{"start":{"line":11,"column":33},"end":{"line":75,"column":null}},"1":{"start":{"line":20,"column":6},"end":{"line":20,"column":null}},"2":{"start":{"line":22,"column":17},"end":{"line":72,"column":null}},"3":{"start":{"line":45,"column":25},"end":{"line":45,"column":null}},"4":{"start":{"line":46,"column":6},"end":{"line":56,"column":null}},"5":{"start":{"line":47,"column":8},"end":{"line":47,"column":null}},"6":{"start":{"line":48,"column":8},"end":{"line":48,"column":null}},"7":{"start":{"line":49,"column":8},"end":{"line":49,"column":null}},"8":{"start":{"line":50,"column":8},"end":{"line":50,"column":null}},"9":{"start":{"line":51,"column":8},"end":{"line":51,"column":null}},"10":{"start":{"line":52,"column":8},"end":{"line":52,"column":null}},"11":{"start":{"line":53,"column":8},"end":{"line":53,"column":null}},"12":{"start":{"line":54,"column":8},"end":{"line":54,"column":null}},"13":{"start":{"line":55,"column":8},"end":{"line":55,"column":null}},"14":{"start":{"line":59,"column":24},"end":{"line":59,"column":null}},"15":{"start":{"line":60,"column":6},"end":{"line":70,"column":null}},"16":{"start":{"line":61,"column":8},"end":{"line":61,"column":null}},"17":{"start":{"line":62,"column":8},"end":{"line":62,"column":null}},"18":{"start":{"line":63,"column":8},"end":{"line":63,"column":null}},"19":{"start":{"line":64,"column":8},"end":{"line":64,"column":null}},"20":{"start":{"line":65,"column":8},"end":{"line":65,"column":null}},"21":{"start":{"line":66,"column":8},"end":{"line":66,"column":null}},"22":{"start":{"line":67,"column":8},"end":{"line":67,"column":null}},"23":{"start":{"line":68,"column":8},"end":{"line":68,"column":null}},"24":{"start":{"line":69,"column":8},"end":{"line":69,"column":null}},"25":{"start":{"line":74,"column":2},"end":{"line":74,"column":null}}},"fnMap":{"0":{"name":"(anonymous_0)","decl":{"start":{"line":11,"column":33},"end":{"line":11,"column":null}},"loc":{"start":{"line":13,"column":23},"end":{"line":75,"column":null}},"line":13},"1":{"name":"(anonymous_1)","decl":{"start":{"line":43,"column":13},"end":{"line":43,"column":14}},"loc":{"start":{"line":43,"column":24},"end":{"line":71,"column":null}},"line":43}},"branchMap":{"0":{"loc":{"start":{"line":12,"column":2},"end":{"line":12,"column":null}},"type":"default-arg","locations":[{"start":{"line":12,"column":34},"end":{"line":12,"column":null}}],"line":12},"1":{"loc":{"start":{"line":15,"column":4},"end":{"line":15,"column":null}},"type":"default-arg","locations":[{"start":{"line":15,"column":12},"end":{"line":15,"column":null}}],"line":15},"2":{"loc":{"start":{"line":16,"column":4},"end":{"line":16,"column":null}},"type":"default-arg","locations":[{"start":{"line":16,"column":14},"end":{"line":16,"column":null}}],"line":16},"3":{"loc":{"start":{"line":17,"column":4},"end":{"line":17,"column":null}},"type":"default-arg","locations":[{"start":{"line":17,"column":18},"end":{"line":17,"column":null}}],"line":17},"4":{"loc":{"start":{"line":18,"column":4},"end":{"line":18,"column":null}},"type":"default-arg","locations":[{"start":{"line":18,"column":17},"end":{"line":18,"column":null}}],"line":18},"5":{"loc":{"start":{"line":19,"column":4},"end":{"line":19,"column":null}},"type":"default-arg","locations":[{"start":{"line":19,"column":11},"end":{"line":19,"column":null}}],"line":19},"6":{"loc":{"start":{"line":46,"column":6},"end":{"line":56,"column":null}},"type":"if","locations":[{"start":{"line":46,"column":6},"end":{"line":56,"column":null}},{"start":{},"end":{}}],"line":46},"7":{"loc":{"start":{"line":60,"column":6},"end":{"line":70,"column":null}},"type":"if","locations":[{"start":{"line":60,"column":6},"end":{"line":70,"column":null}},{"start":{},"end":{}}],"line":60}},"s":{"0":1,"1":0,"2":0,"3":0,"4":0,"5":0,"6":0,"7":0,"8":0,"9":0,"10":0,"11":0,"12":0,"13":0,"14":0,"15":0,"16":0,"17":0,"18":0,"19":0,"20":0,"21":0,"22":0,"23":0,"24":0,"25":0},"f":{"0":0,"1":0},"b":{"0":[0],"1":[0],"2":[0],"3":[0],"4":[0],"5":[0],"6":[0,0],"7":[0,0]},"meta":{"lastBranch":8,"lastFunction":2,"lastStatement":26,"seen":{"s:11:33:75:Infinity":0,"f:11:33:11:Infinity":0,"b:12:34:12:Infinity":0,"s:20:6:20:Infinity":1,"b:15:12:15:Infinity":1,"b:16:14:16:Infinity":2,"b:17:18:17:Infinity":3,"b:18:17:18:Infinity":4,"b:19:11:19:Infinity":5,"s:22:17:72:Infinity":2,"f:43:13:43:14":1,"s:45:25:45:Infinity":3,"b:46:6:56:Infinity:undefined:undefined:undefined:undefined":6,"s:46:6:56:Infinity":4,"s:47:8:47:Infinity":5,"s:48:8:48:Infinity":6,"s:49:8:49:Infinity":7,"s:50:8:50:Infinity":8,"s:51:8:51:Infinity":9,"s:52:8:52:Infinity":10,"s:53:8:53:Infinity":11,"s:54:8:54:Infinity":12,"s:55:8:55:Infinity":13,"s:59:24:59:Infinity":14,"b:60:6:70:Infinity:undefined:undefined:undefined:undefined":7,"s:60:6:70:Infinity":15,"s:61:8:61:Infinity":16,"s:62:8:62:Infinity":17,"s:63:8:63:Infinity":18,"s:64:8:64:Infinity":19,"s:65:8:65:Infinity":20,"s:66:8:66:Infinity":21,"s:67:8:67:Infinity":22,"s:68:8:68:Infinity":23,"s:69:8:69:Infinity":24,"s:74:2:74:Infinity":25}}}
,"C:\\Users\\mahmo\\OneDrive\\Desktop\\ReactProjects\\BlogApp\\BlogApp.React\\src\\utils\\dateFormatter.ts": {"path":"C:\\Users\\mahmo\\OneDrive\\Desktop\\ReactProjects\\BlogApp\\BlogApp.React\\src\\utils\\dateFormatter.ts","statementMap":{"0":{"start":{"line":3,"column":30},"end":{"line":9,"column":null}},"1":{"start":{"line":4,"column":2},"end":{"line":8,"column":null}},"2":{"start":{"line":12,"column":30},"end":{"line":19,"column":null}},"3":{"start":{"line":13,"column":2},"end":{"line":18,"column":null}},"4":{"start":{"line":22,"column":34},"end":{"line":33,"column":null}},"5":{"start":{"line":23,"column":14},"end":{"line":23,"column":null}},"6":{"start":{"line":24,"column":19},"end":{"line":24,"column":null}},"7":{"start":{"line":25,"column":19},"end":{"line":25,"column":null}},"8":{"start":{"line":26,"column":21},"end":{"line":26,"column":null}},"9":{"start":{"line":28,"column":2},"end":{"line":28,"column":null}},"10":{"start":{"line":28,"column":24},"end":{"line":28,"column":null}},"11":{"start":{"line":29,"column":2},"end":{"line":29,"column":null}},"12":{"start":{"line":29,"column":24},"end":{"line":29,"column":null}},"13":{"start":{"line":30,"column":2},"end":{"line":30,"column":null}},"14":{"start":{"line":30,"column":22},"end":{"line":30,"column":null}},"15":{"start":{"line":32,"column":2},"end":{"line":32,"column":null}},"16":{"start":{"line":36,"column":36},"end":{"line":40,"column":null}},"17":{"start":{"line":37,"column":25},"end":{"line":37,"column":null}},"18":{"start":{"line":38,"column":20},"end":{"line":38,"column":null}},"19":{"start":{"line":39,"column":2},"end":{"line":39,"column":null}}},"fnMap":{"0":{"name":"(anonymous_0)","decl":{"start":{"line":3,"column":30},"end":{"line":3,"column":31}},"loc":{"start":{"line":3,"column":63},"end":{"line":9,"column":null}},"line":3},"1":{"name":"(anonymous_1)","decl":{"start":{"line":12,"column":30},"end":{"line":12,"column":31}},"loc":{"start":{"line":12,"column":63},"end":{"line":19,"column":null}},"line":12},"2":{"name":"(anonymous_2)","decl":{"start":{"line":22,"column":34},"end":{"line":22,"column":35}},"loc":{"start":{"line":22,"column":67},"end":{"line":33,"column":null}},"line":22},"3":{"name":"(anonymous_3)","decl":{"start":{"line":36,"column":36},"end":{"line":36,"column":37}},"loc":{"start":{"line":36,"column":65},"end":{"line":40,"column":null}},"line":36}},"branchMap":{"0":{"loc":{"start":{"line":28,"column":2},"end":{"line":28,"column":null}},"type":"if","locations":[{"start":{"line":28,"column":2},"end":{"line":28,"column":null}},{"start":{},"end":{}}],"line":28},"1":{"loc":{"start":{"line":29,"column":2},"end":{"line":29,"column":null}},"type":"if","locations":[{"start":{"line":29,"column":2},"end":{"line":29,"column":null}},{"start":{},"end":{}}],"line":29},"2":{"loc":{"start":{"line":30,"column":2},"end":{"line":30,"column":null}},"type":"if","locations":[{"start":{"line":30,"column":2},"end":{"line":30,"column":null}},{"start":{},"end":{}}],"line":30}},"s":{"0":2,"1":81,"2":2,"3":0,"4":2,"5":0,"6":0,"7":0,"8":0,"9":0,"10":0,"11":0,"12":0,"13":0,"14":0,"15":0,"16":2,"17":0,"18":0,"19":0},"f":{"0":81,"1":0,"2":0,"3":0},"b":{"0":[0,0],"1":[0,0],"2":[0,0]},"meta":{"lastBranch":3,"lastFunction":4,"lastStatement":20,"seen":{"s:3:30:9:Infinity":0,"f:3:30:3:31":0,"s:4:2:8:Infinity":1,"s:12:30:19:Infinity":2,"f:12:30:12:31":1,"s:13:2:18:Infinity":3,"s:22:34:33:Infinity":4,"f:22:34:22:35":2,"s:23:14:23:Infinity":5,"s:24:19:24:Infinity":6,"s:25:19:25:Infinity":7,"s:26:21:26:Infinity":8,"b:28:2:28:Infinity:undefined:undefined:undefined:undefined":0,"s:28:2:28:Infinity":9,"s:28:24:28:Infinity":10,"b:29:2:29:Infinity:undefined:undefined:undefined:undefined":1,"s:29:2:29:Infinity":11,"s:29:24:29:Infinity":12,"b:30:2:30:Infinity:undefined:undefined:undefined:undefined":2,"s:30:2:30:Infinity":13,"s:30:22:30:Infinity":14,"s:32:2:32:Infinity":15,"s:36:36:40:Infinity":16,"f:36:36:36:37":3,"s:37:25:37:Infinity":17,"s:38:20:38:Infinity":18,"s:39:2:39:Infinity":19}}}
,"C:\\Users\\mahmo\\OneDrive\\Desktop\\ReactProjects\\BlogApp\\BlogApp.React\\src\\utils\\math.ts": {"path":"C:\\Users\\mahmo\\OneDrive\\Desktop\\ReactProjects\\BlogApp\\BlogApp.React\\src\\utils\\math.ts","statementMap":{"0":{"start":{"line":12,"column":2},"end":{"line":12,"column":null}},"1":{"start":{"line":22,"column":2},"end":{"line":22,"column":null}},"2":{"start":{"line":31,"column":2},"end":{"line":31,"column":null}}},"fnMap":{"0":{"name":"add","decl":{"start":{"line":11,"column":16},"end":{"line":11,"column":20}},"loc":{"start":{"line":11,"column":50},"end":{"line":13,"column":null}},"line":11},"1":{"name":"multiply","decl":{"start":{"line":21,"column":16},"end":{"line":21,"column":25}},"loc":{"start":{"line":21,"column":55},"end":{"line":23,"column":null}},"line":21},"2":{"name":"isEven","decl":{"start":{"line":30,"column":16},"end":{"line":30,"column":23}},"loc":{"start":{"line":30,"column":43},"end":{"line":32,"column":null}},"line":30}},"branchMap":{},"s":{"0":6,"1":5,"2":13},"f":{"0":6,"1":5,"2":13},"b":{},"meta":{"lastBranch":0,"lastFunction":3,"lastStatement":3,"seen":{"f:11:16:11:20":0,"s:12:2:12:Infinity":0,"f:21:16:21:25":1,"s:22:2:22:Infinity":1,"f:30:16:30:23":2,"s:31:2:31:Infinity":2}}}
,"C:\\Users\\mahmo\\OneDrive\\Desktop\\ReactProjects\\BlogApp\\BlogApp.React\\src\\utils\\test-utils.tsx": {"path":"C:\\Users\\mahmo\\OneDrive\\Desktop\\ReactProjects\\BlogApp\\BlogApp.React\\src\\utils\\test-utils.tsx","statementMap":{"0":{"start":{"line":12,"column":31},"end":{"line":24,"column":null}},"1":{"start":{"line":13,"column":2},"end":{"line":23,"column":null}},"2":{"start":{"line":26,"column":35},"end":{"line":47,"column":null}},"3":{"start":{"line":31,"column":16},"end":{"line":31,"column":null}},"4":{"start":{"line":32,"column":23},"end":{"line":32,"column":null}},"5":{"start":{"line":34,"column":18},"end":{"line":39,"column":null}},"6":{"start":{"line":35,"column":4},"end":{"line":39,"column":null}},"7":{"start":{"line":42,"column":2},"end":{"line":46,"column":null}}},"fnMap":{"0":{"name":"(anonymous_0)","decl":{"start":{"line":12,"column":31},"end":{"line":12,"column":32}},"loc":{"start":{"line":12,"column":56},"end":{"line":24,"column":null}},"line":12},"1":{"name":"(anonymous_1)","decl":{"start":{"line":26,"column":35},"end":{"line":26,"column":null}},"loc":{"start":{"line":30,"column":5},"end":{"line":47,"column":null}},"line":30},"2":{"name":"(anonymous_2)","decl":{"start":{"line":34,"column":18},"end":{"line":34,"column":19}},"loc":{"start":{"line":35,"column":4},"end":{"line":39,"column":null}},"line":35}},"branchMap":{"0":{"loc":{"start":{"line":12,"column":32},"end":{"line":12,"column":56}},"type":"default-arg","locations":[{"start":{"line":12,"column":49},"end":{"line":12,"column":56}}],"line":12},"1":{"loc":{"start":{"line":29,"column":2},"end":{"line":29,"column":null}},"type":"default-arg","locations":[{"start":{"line":29,"column":53},"end":{"line":29,"column":null}}],"line":29},"2":{"loc":{"start":{"line":29,"column":4},"end":{"line":29,"column":25}},"type":"default-arg","locations":[{"start":{"line":29,"column":21},"end":{"line":29,"column":25}}],"line":29},"3":{"loc":{"start":{"line":29,"column":25},"end":{"line":29,"column":38}},"type":"default-arg","locations":[{"start":{"line":29,"column":33},"end":{"line":29,"column":38}}],"line":29}},"s":{"0":4,"1":21,"2":4,"3":21,"4":21,"5":21,"6":21,"7":21},"f":{"0":21,"1":21,"2":21},"b":{"0":[21],"1":[21],"2":[21],"3":[21]},"meta":{"lastBranch":4,"lastFunction":3,"lastStatement":8,"seen":{"s:12:31:24:Infinity":0,"f:12:31:12:32":0,"b:12:49:12:56":0,"s:13:2:23:Infinity":1,"s:26:35:47:Infinity":2,"f:26:35:26:Infinity":1,"b:29:53:29:Infinity":1,"b:29:21:29:25":2,"b:29:33:29:38":3,"s:31:16:31:Infinity":3,"s:32:23:32:Infinity":4,"s:34:18:39:Infinity":5,"f:34:18:34:19":2,"s:35:4:39:Infinity":6,"s:42:2:46:Infinity":7}}}
}
